2010-09-15 21:16:42 Notice: Notice (1024): Please change the value of 'Security.salt' in app/config/core.php to a salt value specific to your application in [CORE/cake/libs/debugger.php, line 557]
2010-09-15 20:53:16 Notice: Notice (8): Undefined variable: javascript in [APP/views/layouts/default.ctp, line 9]
2010-09-15 20:53:38 Notice: Notice (8): Undefined variable: js in [APP/views/layouts/default.ctp, line 9]
2010-09-15 20:59:55 Notice: Notice (8): Undefined variable: javascript in [APP/views/layouts/default.ctp, line 9]
2010-09-15 21:04:24 Notice: Notice (8): Undefined variable: javascript in [APP/views/layouts/default.ctp, line 9]
2010-09-15 21:05:08 Notice: Notice (8): Undefined variable: javascript in [APP/views/layouts/default.ctp, line 9]
2010-09-16 23:32:33 Notice: Notice (8): Undefined variable: user_menu in [APP/views/layouts/default.ctp, line 16]
2010-09-17 01:04:50 Notice: Notice (8): Undefined property: VocabularyListsController::$Country in [APP/controllers/vocabulary_lists_controller.php, line 18]
2010-09-17 01:05:13 Notice: Notice (8): Undefined property: VocabularyListsController::$Language in [APP/controllers/vocabulary_lists_controller.php, line 18]
2010-09-17 01:05:14 Notice: Notice (8): Undefined property: VocabularyListsController::$Language in [APP/controllers/vocabulary_lists_controller.php, line 18]
2010-09-17 01:07:50 Notice: Notice (8): Undefined property: VocabularyListsController::$VocabularyList in [APP/controllers/vocabulary_lists_controller.php, line 23]
2010-09-17 01:08:54 Notice: Notice (8): Undefined property: VocabularyListsController::$FLASH_ALLOWED_TYPES in [APP/app_controller.php, line 7]
2010-09-17 01:48:57 Notice: Notice (8): Undefined index: SportsArea in [APP/views/vocabulary_lists/index.ctp, line 18]
2010-09-17 01:48:57 Notice: Notice (8): Undefined index: SportsArea in [APP/views/vocabulary_lists/index.ctp, line 23]
2010-09-17 01:49:35 Notice: Notice (8): Undefined index: SportsArea in [APP/views/vocabulary_lists/index.ctp, line 18]
2010-09-17 01:49:35 Notice: Notice (8): Undefined index: SportsArea in [APP/views/vocabulary_lists/index.ctp, line 23]
2010-09-17 01:50:14 Notice: Notice (8): Undefined index: SportsArea in [APP/views/vocabulary_lists/index.ctp, line 18]
2010-09-17 01:50:14 Notice: Notice (8): Undefined index: SportsArea in [APP/views/vocabulary_lists/index.ctp, line 23]
2010-09-17 01:50:30 Notice: Notice (8): Undefined index: SportsArea in [APP/views/vocabulary_lists/index.ctp, line 18]
2010-09-17 01:50:30 Notice: Notice (8): Undefined index: SportsArea in [APP/views/vocabulary_lists/index.ctp, line 23]
2010-09-17 01:51:11 Notice: Notice (8): Undefined index: SportsArea in [APP/views/vocabulary_lists/index.ctp, line 18]
2010-09-17 01:51:11 Notice: Notice (8): Undefined index: SportsArea in [APP/views/vocabulary_lists/index.ctp, line 23]
2010-09-17 01:51:36 Notice: Notice (8): Undefined index: SportsArea in [APP/views/vocabulary_lists/index.ctp, line 18]
2010-09-17 01:51:36 Notice: Notice (8): Undefined index: SportsArea in [APP/views/vocabulary_lists/index.ctp, line 23]
2010-09-17 02:00:21 Notice: Notice (8): Undefined index: SportsArea in [APP/views/vocabulary_lists/view.ctp, line 1]
2010-09-17 02:43:38 Notice: Notice (8): Undefined index: title in [APP/views/translations/add.ctp, line 1]
2010-09-17 02:52:55 Notice: Notice (8): Undefined index: InputLanguage in [APP/views/translations/add.ctp, line 8]
2010-09-17 02:53:47 Notice: Notice (8): Undefined index: InputLanguage in [APP/views/translations/add.ctp, line 8]
2010-09-17 02:54:04 Notice: Notice (8): Undefined index: InputLanguage in [APP/views/translations/add.ctp, line 10]
2010-09-17 03:31:37 Notice: Notice (8): Undefined variable: vocabulary_list_id in [APP/controllers/translations_controller.php, line 8]
2010-09-17 03:31:37 Notice: Notice (8): Undefined property: TranslationsController::$Translation in [APP/controllers/translations_controller.php, line 13]
2010-09-17 03:32:54 Notice: Notice (8): Undefined variable: vocabulary_list_id in [APP/controllers/translations_controller.php, line 8]
2010-09-17 03:32:54 Notice: Notice (8): Undefined property: TranslationsController::$Translation in [APP/controllers/translations_controller.php, line 13]
2010-09-17 03:34:16 Notice: Notice (8): Undefined variable: vocabulary_list_id in [APP/controllers/translations_controller.php, line 8]
2010-09-17 03:34:16 Notice: Notice (8): Undefined property: TranslationsController::$Translation in [APP/controllers/translations_controller.php, line 13]
2010-09-17 03:34:37 Notice: Notice (8): Undefined variable: vocabulary_list_id in [APP/controllers/translations_controller.php, line 8]
2010-09-17 03:34:39 Notice: Notice (8): Undefined variable: vocabulary_list_id in [APP/controllers/translations_controller.php, line 8]
2010-09-17 03:35:38 Notice: Notice (8): Undefined variable: vocabulary_list_id in [APP/controllers/translations_controller.php, line 8]
2010-09-17 03:36:03 Notice: Notice (8): Undefined variable: vocabulary_list_id in [APP/controllers/translations_controller.php, line 8]
2010-09-17 03:36:22 Notice: Notice (8): Undefined variable: vocabulary_list_id in [APP/controllers/translations_controller.php, line 8]
2010-09-17 03:38:54 Notice: Notice (8): Undefined variable: vocabulary_list_id in [APP/controllers/translations_controller.php, line 8]
2010-09-17 04:14:31 Notice: Notice (8): Undefined index: SportsArea in [APP/views/vocabulary_lists/index.ctp, line 18]
2010-09-17 04:14:31 Notice: Notice (8): Undefined index: SportsArea in [APP/views/vocabulary_lists/index.ctp, line 23]
2010-09-17 11:39:12 Notice: Notice (8): Undefined variable: languages in [APP/views/vocabulary_lists/edit.ctp, line 8]
2010-09-17 11:39:12 Notice: Notice (8): Undefined variable: languages in [APP/views/vocabulary_lists/edit.ctp, line 9]
2010-09-17 11:39:12 Notice: Notice (8): Undefined variable: languages in [APP/views/vocabulary_lists/edit.ctp, line 8]
2010-09-17 11:39:12 Notice: Notice (8): Undefined variable: languages in [APP/views/vocabulary_lists/edit.ctp, line 9]
2010-09-17 11:55:50 Notice: Notice (8): Undefined variable: id in [APP/controllers/vocabulary_lists_controller.php, line 53]
2010-09-17 12:17:06 Notice: Notice (8): Undefined variable: vocabulary_list in [APP/views/translations/edit.ctp, line 9]
2010-09-17 12:17:06 Notice: Notice (8): Undefined variable: vocabulary_list in [APP/views/translations/edit.ctp, line 15]
2010-09-17 12:17:06 Notice: Notice (8): Undefined variable: vocabulary_list in [APP/views/translations/edit.ctp, line 16]
2010-09-17 12:17:06 Notice: Notice (8): Undefined variable: vocabulary_list in [APP/views/translations/edit.ctp, line 18]
2010-09-17 12:17:06 Notice: Notice (8): Undefined variable: vocabulary_list in [APP/views/translations/edit.ctp, line 24]
2010-09-17 12:17:06 Notice: Notice (8): Undefined variable: vocabulary_list in [APP/views/translations/edit.ctp, line 29]
2010-09-17 12:28:54 Notice: Notice (8): Undefined index: SportsArea in [APP/views/vocabulary_lists/index.ctp, line 18]
2010-09-17 12:28:54 Notice: Notice (8): Undefined index: SportsArea in [APP/views/vocabulary_lists/index.ctp, line 23]
2010-09-17 12:31:19 Notice: Notice (8): Undefined index: SportsArea in [APP/views/vocabulary_lists/index.ctp, line 22]
2010-09-17 12:31:19 Notice: Notice (8): Undefined index: SportsArea in [APP/views/vocabulary_lists/index.ctp, line 27]
2010-09-17 12:52:31 Notice: Notice (8): Undefined index: SportsArea in [APP/views/vocabulary_lists/index.ctp, line 26]
2010-09-17 12:52:31 Notice: Notice (8): Undefined index: SportsArea in [APP/views/vocabulary_lists/index.ctp, line 31]
2010-09-17 12:54:51 Notice: Notice (8): Undefined index: SportsArea in [APP/views/vocabulary_lists/index.ctp, line 26]
2010-09-17 12:54:51 Notice: Notice (8): Undefined index: SportsArea in [APP/views/vocabulary_lists/index.ctp, line 31]
2010-09-17 13:01:43 Notice: Notice (8): Undefined index: SportsArea in [APP/views/vocabulary_lists/index.ctp, line 33]
2010-09-17 13:01:43 Notice: Notice (8): Undefined index: SportsArea in [APP/views/vocabulary_lists/index.ctp, line 38]
2010-09-17 13:03:04 Notice: Notice (8): Undefined index: SportsArea in [APP/views/vocabulary_lists/index.ctp, line 33]
2010-09-17 13:03:04 Notice: Notice (8): Undefined index: SportsArea in [APP/views/vocabulary_lists/index.ctp, line 38]
2010-09-17 13:03:05 Notice: Notice (8): Undefined variable: id in [APP/controllers/vocabulary_lists_controller.php, line 14]
2010-09-17 13:03:10 Notice: Notice (8): Undefined variable: id in [APP/controllers/vocabulary_lists_controller.php, line 14]
2010-09-17 13:03:12 Notice: Notice (8): Undefined variable: id in [APP/controllers/vocabulary_lists_controller.php, line 14]
2010-09-17 13:03:13 Notice: Notice (8): Undefined variable: id in [APP/controllers/vocabulary_lists_controller.php, line 14]
2010-09-17 13:23:33 Notice: Notice (8): Undefined index: SportsArea in [APP/views/vocabulary_lists/index.ctp, line 33]
2010-09-17 13:23:33 Notice: Notice (8): Undefined index: SportsArea in [APP/views/vocabulary_lists/index.ctp, line 38]
2010-09-17 13:23:35 Notice: Notice (8): Undefined variable: id in [APP/controllers/vocabulary_lists_controller.php, line 14]
2010-09-17 13:24:19 Notice: Notice (8): Undefined index: SportsArea in [APP/views/vocabulary_lists/index.ctp, line 34]
2010-09-17 13:24:19 Notice: Notice (8): Undefined index: SportsArea in [APP/views/vocabulary_lists/index.ctp, line 39]
2010-09-17 13:24:22 Notice: Notice (8): Undefined index: SportsArea in [APP/views/vocabulary_lists/index.ctp, line 34]
2010-09-17 13:24:22 Notice: Notice (8): Undefined index: SportsArea in [APP/views/vocabulary_lists/index.ctp, line 39]
2010-09-17 13:24:30 Notice: Notice (8): Undefined index: SportsArea in [APP/views/vocabulary_lists/index.ctp, line 34]
2010-09-17 13:24:30 Notice: Notice (8): Undefined index: SportsArea in [APP/views/vocabulary_lists/index.ctp, line 39]
2010-09-17 13:25:23 Notice: Notice (8): Undefined index: SportsArea in [APP/views/vocabulary_lists/index.ctp, line 34]
2010-09-17 13:25:23 Notice: Notice (8): Undefined index: SportsArea in [APP/views/vocabulary_lists/index.ctp, line 39]
2010-09-17 13:26:51 Notice: Notice (8): Undefined index: SportsArea in [APP/views/vocabulary_lists/index.ctp, line 34]
2010-09-17 13:26:51 Notice: Notice (8): Undefined index: SportsArea in [APP/views/vocabulary_lists/index.ctp, line 39]
2010-09-17 13:26:53 Notice: Notice (8): Undefined index: SportsArea in [APP/views/vocabulary_lists/index.ctp, line 34]
2010-09-17 13:26:53 Notice: Notice (8): Undefined index: SportsArea in [APP/views/vocabulary_lists/index.ctp, line 39]
2010-09-17 13:27:13 Notice: Notice (8): Undefined index: SportsArea in [APP/views/vocabulary_lists/index.ctp, line 34]
2010-09-17 13:27:13 Notice: Notice (8): Undefined index: SportsArea in [APP/views/vocabulary_lists/index.ctp, line 39]
2010-09-17 13:28:49 Notice: Notice (8): Object of class View to string conversion in [CORE/cake/libs/view/helpers/ajax.php, line 458]
2010-09-17 13:28:49 Notice: Notice (8): Undefined index: SportsArea in [APP/views/vocabulary_lists/index.ctp, line 34]
2010-09-17 13:28:49 Notice: Notice (8): Undefined index: SportsArea in [APP/views/vocabulary_lists/index.ctp, line 39]
2010-09-17 13:29:15 Notice: Notice (8): Object of class View to string conversion in [CORE/cake/libs/view/helpers/ajax.php, line 458]
2010-09-17 13:29:15 Notice: Notice (8): Undefined index: SportsArea in [APP/views/vocabulary_lists/index.ctp, line 34]
2010-09-17 13:29:15 Notice: Notice (8): Undefined index: SportsArea in [APP/views/vocabulary_lists/index.ctp, line 39]
2010-09-17 13:30:48 Notice: Notice (8): Undefined index: SportsArea in [APP/views/vocabulary_lists/index.ctp, line 34]
2010-09-17 13:30:48 Notice: Notice (8): Undefined index: SportsArea in [APP/views/vocabulary_lists/index.ctp, line 39]
2010-09-17 13:30:51 Notice: Notice (8): Undefined property: VocabularyListsController::$VocabularyLists in [APP/controllers/components/autocomplete.php, line 62]
2010-09-17 13:30:51 Notice: Notice (8): Undefined index: SportsArea in [APP/views/vocabulary_lists/index.ctp, line 34]
2010-09-17 13:30:51 Notice: Notice (8): Undefined index: SportsArea in [APP/views/vocabulary_lists/index.ctp, line 39]
2010-09-17 13:30:53 Notice: Notice (8): Undefined property: VocabularyListsController::$VocabularyLists in [APP/controllers/components/autocomplete.php, line 62]
2010-09-17 13:30:53 Notice: Notice (8): Undefined index: SportsArea in [APP/views/vocabulary_lists/index.ctp, line 34]
2010-09-17 13:30:53 Notice: Notice (8): Undefined index: SportsArea in [APP/views/vocabulary_lists/index.ctp, line 39]
2010-09-17 13:30:54 Notice: Notice (8): Undefined property: VocabularyListsController::$VocabularyLists in [APP/controllers/components/autocomplete.php, line 62]
2010-09-17 13:30:54 Notice: Notice (8): Undefined index: SportsArea in [APP/views/vocabulary_lists/index.ctp, line 34]
2010-09-17 13:30:54 Notice: Notice (8): Undefined index: SportsArea in [APP/views/vocabulary_lists/index.ctp, line 39]
2010-09-17 13:30:55 Notice: Notice (8): Undefined property: VocabularyListsController::$VocabularyLists in [APP/controllers/components/autocomplete.php, line 62]
2010-09-17 13:30:55 Notice: Notice (8): Undefined index: SportsArea in [APP/views/vocabulary_lists/index.ctp, line 34]
2010-09-17 13:30:55 Notice: Notice (8): Undefined index: SportsArea in [APP/views/vocabulary_lists/index.ctp, line 39]
2010-09-17 13:31:02 Notice: Notice (8): Undefined index: SportsArea in [APP/views/vocabulary_lists/index.ctp, line 34]
2010-09-17 13:31:02 Notice: Notice (8): Undefined index: SportsArea in [APP/views/vocabulary_lists/index.ctp, line 39]
2010-09-17 13:33:47 Notice: Notice (8): Undefined index: SportsArea in [APP/views/vocabulary_lists/index.ctp, line 34]
2010-09-17 13:33:47 Notice: Notice (8): Undefined index: SportsArea in [APP/views/vocabulary_lists/index.ctp, line 39]
2010-09-17 16:34:26 Notice: Notice (8): Undefined property: PropositionTrainingsController::$VocabularyList in [APP/controllers/proposition_trainings_controller.php, line 7]
2010-09-17 16:43:07 Notice: Notice (8): Undefined index: VocabularyList in [APP/controllers/vocabulary_lists_controller.php, line 15]
2010-09-17 16:43:20 Notice: Notice (8): Undefined index: VocabularyList in [APP/controllers/vocabulary_lists_controller.php, line 15]
2010-09-17 16:43:53 Notice: Notice (8): Undefined index: VocabularyList in [APP/controllers/vocabulary_lists_controller.php, line 15]
2010-09-17 16:49:38 Notice: Notice (8): Undefined variable: wordlist in [APP/controllers/vocabulary_lists_controller.php, line 94]
2010-09-17 16:50:07 Notice: Notice (8): Undefined variable: wordlist in [APP/controllers/vocabulary_lists_controller.php, line 94]
2010-09-17 16:50:21 Notice: Notice (8): Undefined offset: 4 in [APP/controllers/vocabulary_lists_controller.php, line 87]
2010-09-17 16:51:13 Notice: Notice (8): Undefined offset: 1 in [APP/controllers/vocabulary_lists_controller.php, line 94]
2010-09-17 16:51:20 Notice: Notice (8): Undefined offset: 1 in [APP/controllers/vocabulary_lists_controller.php, line 94]
2010-09-17 16:51:37 Notice: Notice (8): Use of undefined constant translation - assumed 'translation' in [APP/controllers/vocabulary_lists_controller.php, line 89]
2010-09-17 16:51:37 Notice: Notice (8): Undefined offset: 1 in [APP/controllers/vocabulary_lists_controller.php, line 95]
2010-09-17 16:51:51 Notice: Notice (8): Undefined offset: 1 in [APP/controllers/vocabulary_lists_controller.php, line 95]
2010-09-17 16:51:53 Notice: Notice (8): Undefined offset: 1 in [APP/controllers/vocabulary_lists_controller.php, line 95]
2010-09-17 16:51:54 Notice: Notice (8): Undefined offset: 4 in [APP/controllers/vocabulary_lists_controller.php, line 87]
2010-09-17 16:51:56 Notice: Notice (8): Undefined offset: 1 in [APP/controllers/vocabulary_lists_controller.php, line 95]
2010-09-17 18:54:56 Notice: Notice (8): Undefined offset: 1 in [APP/controllers/vocabulary_lists_controller.php, line 95]
2010-09-17 19:00:33 Notice: Notice (8): Undefined offset: 1 in [APP/controllers/vocabulary_lists_controller.php, line 95]
2010-09-17 19:02:09 Notice: Notice (8): Undefined offset: 1 in [APP/controllers/vocabulary_lists_controller.php, line 96]
2010-09-17 19:10:36 Notice: Notice (8): Undefined variable: vocabulary_list_id in [APP/controllers/trainings_controller.php, line 6]
2010-09-17 19:32:19 Notice: Notice (8): Undefined property: PropositionTrainingsController::$VocabularyList in [APP/controllers/proposition_trainings_controller.php, line 7]
2010-09-19 23:22:54 Notice: Notice (8): Undefined variable: prout in [APP/views/vocabulary_lists/index.ctp, line 44]
2010-09-19 23:44:27 Notice: Notice (8): Undefined variable: vocabulary_list_id in [APP/controllers/proposition_trainings_controller.php, line 8]
2010-09-19 23:44:27 Notice: Notice (8): Undefined variable: vocabulary_list_id in [APP/controllers/proposition_trainings_controller.php, line 10]
2010-09-19 23:44:27 Notice: Notice (8): Undefined variable: vocabulary_list_id in [APP/controllers/proposition_trainings_controller.php, line 24]
2010-09-20 06:17:31 Notice: Notice (8): Undefined variable: base in [APP/controllers/proposition_trainings_controller.php, line 22]
2010-09-20 06:17:31 Notice: Notice (8): Undefined variable: rand in [APP/controllers/proposition_trainings_controller.php, line 54]
2010-09-20 06:17:31 Notice: Notice (8): Undefined variable: rand in [APP/controllers/proposition_trainings_controller.php, line 63]
2010-09-20 06:17:31 Notice: Notice (8): Undefined variable: couple in [APP/controllers/proposition_trainings_controller.php, line 63]
2010-09-20 06:17:31 Notice: Notice (8): Undefined variable: propositions in [APP/controllers/proposition_trainings_controller.php, line 65]
2010-09-20 06:17:31 Notice: Notice (8): Undefined variable: base in [APP/controllers/proposition_trainings_controller.php, line 22]
2010-09-20 06:17:31 Notice: Notice (8): Undefined variable: rand in [APP/controllers/proposition_trainings_controller.php, line 54]
2010-09-20 06:17:31 Notice: Notice (8): Undefined variable: rand in [APP/controllers/proposition_trainings_controller.php, line 63]
2010-09-20 06:17:31 Notice: Notice (8): Undefined variable: couple in [APP/controllers/proposition_trainings_controller.php, line 63]
2010-09-20 06:17:31 Notice: Notice (8): Undefined variable: propositions in [APP/controllers/proposition_trainings_controller.php, line 65]
2010-09-20 06:17:57 Notice: Notice (8): Undefined variable: rand in [APP/controllers/proposition_trainings_controller.php, line 54]
2010-09-20 06:17:57 Notice: Notice (8): Undefined variable: couple in [APP/controllers/proposition_trainings_controller.php, line 63]
2010-09-20 06:17:57 Notice: Notice (8): Undefined variable: propositions in [APP/controllers/proposition_trainings_controller.php, line 65]
2010-09-20 06:17:58 Notice: Notice (8): Undefined variable: rand in [APP/controllers/proposition_trainings_controller.php, line 54]
2010-09-20 06:17:58 Notice: Notice (8): Undefined variable: couple in [APP/controllers/proposition_trainings_controller.php, line 63]
2010-09-20 06:17:58 Notice: Notice (8): Undefined variable: propositions in [APP/controllers/proposition_trainings_controller.php, line 65]
2010-09-20 06:18:10 Notice: Notice (8): Undefined variable: rand in [APP/controllers/proposition_trainings_controller.php, line 54]
2010-09-20 06:18:10 Notice: Notice (8): Undefined variable: couple in [APP/controllers/proposition_trainings_controller.php, line 63]
2010-09-20 06:18:10 Notice: Notice (8): Undefined variable: rand in [APP/controllers/proposition_trainings_controller.php, line 54]
2010-09-20 06:18:10 Notice: Notice (8): Undefined variable: couple in [APP/controllers/proposition_trainings_controller.php, line 63]
2010-09-20 06:22:55 Notice: Notice (8): Undefined variable: base in [APP/views/proposition_trainings/index.ctp, line 2]
2010-09-20 06:22:55 Notice: Notice (8): Undefined variable: couple in [APP/views/proposition_trainings/index.ctp, line 2]
2010-09-20 06:22:55 Notice: Notice (8): Undefined variable: vocabulary_list_id in [APP/views/proposition_trainings/index.ctp, line 3]
2010-09-20 06:22:55 Notice: Notice (8): Undefined variable: propositions in [APP/views/proposition_trainings/index.ctp, line 5]
2010-09-20 06:22:55 Notice: Notice (8): Undefined variable: vocabulary_list_id in [APP/views/proposition_trainings/index.ctp, line 7]
2010-09-20 06:22:55 Notice: Notice (8): Undefined variable: couple in [APP/views/proposition_trainings/index.ctp, line 8]
2010-09-20 06:22:55 Notice: Notice (8): Undefined variable: base in [APP/views/proposition_trainings/index.ctp, line 9]
2010-09-20 06:22:55 Notice: Notice (8): Undefined variable: couple in [APP/views/proposition_trainings/index.ctp, line 9]
2010-09-20 06:24:16 Notice: Notice (8): Undefined variable: vocabulary_list_id in [APP/views/proposition_trainings/index.ctp, line 3]
2010-09-20 06:24:16 Notice: Notice (8): Undefined variable: vocabulary_list_id in [APP/views/proposition_trainings/index.ctp, line 7]
2010-09-20 06:24:16 Notice: Notice (8): Undefined variable: vocabulary_list_id in [APP/views/proposition_trainings/index.ctp, line 3]
2010-09-20 06:24:16 Notice: Notice (8): Undefined variable: vocabulary_list_id in [APP/views/proposition_trainings/index.ctp, line 7]
2010-09-20 06:24:48 Notice: Notice (8): Undefined variable: vocabulary_list_id in [APP/views/proposition_trainings/index.ctp, line 3]
2010-09-20 06:24:49 Notice: Notice (8): Undefined variable: vocabulary_list_id in [APP/views/proposition_trainings/index.ctp, line 3]
2010-09-20 06:28:43 Notice: Notice (8): Undefined index: couple in [APP/views/proposition_trainings/index.ctp, line 2]
2010-09-20 06:28:43 Notice: Notice (8): Undefined variable: couple in [APP/views/proposition_trainings/index.ctp, line 2]
2010-09-20 06:28:43 Notice: Notice (8): Undefined index: couple in [APP/views/proposition_trainings/index.ctp, line 8]
2010-09-20 06:28:43 Notice: Notice (8): Undefined index: couple in [APP/views/proposition_trainings/index.ctp, line 9]
2010-09-20 06:28:43 Notice: Notice (8): Undefined index: couple in [APP/views/proposition_trainings/index.ctp, line 2]
2010-09-20 06:28:44 Notice: Notice (8): Undefined variable: couple in [APP/views/proposition_trainings/index.ctp, line 2]
2010-09-20 06:28:44 Notice: Notice (8): Undefined index: couple in [APP/views/proposition_trainings/index.ctp, line 8]
2010-09-20 06:28:44 Notice: Notice (8): Undefined index: couple in [APP/views/proposition_trainings/index.ctp, line 9]
2010-09-20 06:29:20 Notice: Notice (8): Object of class View to string conversion in [APP/views/proposition_trainings/index.ctp, line 2]
2010-09-20 06:29:20 Notice: Notice (8): Undefined variable: Object in [APP/views/proposition_trainings/index.ctp, line 2]
2010-09-20 06:29:20 Notice: Notice (8): Trying to get property of non-object in [APP/views/proposition_trainings/index.ctp, line 2]
2010-09-20 06:29:20 Notice: Notice (8): Undefined index: couple in [APP/views/proposition_trainings/index.ctp, line 8]
2010-09-20 06:29:20 Notice: Notice (8): Undefined index: couple in [APP/views/proposition_trainings/index.ctp, line 9]
2010-09-20 06:29:20 Notice: Notice (8): Object of class View to string conversion in [APP/views/proposition_trainings/index.ctp, line 2]
2010-09-20 06:29:20 Notice: Notice (8): Undefined variable: Object in [APP/views/proposition_trainings/index.ctp, line 2]
2010-09-20 06:29:20 Notice: Notice (8): Trying to get property of non-object in [APP/views/proposition_trainings/index.ctp, line 2]
2010-09-20 06:29:20 Notice: Notice (8): Undefined index: couple in [APP/views/proposition_trainings/index.ctp, line 8]
2010-09-20 06:29:20 Notice: Notice (8): Undefined index: couple in [APP/views/proposition_trainings/index.ctp, line 9]
2010-09-20 06:30:03 Notice: Notice (8): Undefined index: couple in [APP/views/proposition_trainings/index.ctp, line 2]
2010-09-20 06:30:03 Notice: Notice (8): Undefined index: couple in [APP/views/proposition_trainings/index.ctp, line 8]
2010-09-20 06:30:03 Notice: Notice (8): Undefined index: couple in [APP/views/proposition_trainings/index.ctp, line 9]
2010-09-20 06:30:03 Notice: Notice (8): Undefined index: couple in [APP/views/proposition_trainings/index.ctp, line 2]
2010-09-20 06:30:03 Notice: Notice (8): Undefined index: couple in [APP/views/proposition_trainings/index.ctp, line 8]
2010-09-20 06:30:03 Notice: Notice (8): Undefined index: couple in [APP/views/proposition_trainings/index.ctp, line 9]
2010-09-20 06:30:43 Notice: Notice (8): Undefined index: base in [APP/views/proposition_trainings/index.ctp, line 2]
2010-09-20 06:30:43 Notice: Notice (8): Undefined index: answer_couple in [APP/views/proposition_trainings/index.ctp, line 2]
2010-09-20 06:30:43 Notice: Notice (8): Undefined index: VocabularyList in [APP/views/proposition_trainings/index.ctp, line 3]
2010-09-20 06:30:43 Notice: Notice (8): Undefined index: propositions in [APP/views/proposition_trainings/index.ctp, line 5]
2010-09-20 06:30:43 Notice: Notice (8): Undefined index: VocabularyList in [APP/views/proposition_trainings/index.ctp, line 7]
2010-09-20 06:30:43 Notice: Notice (8): Undefined index: answer_couple in [APP/views/proposition_trainings/index.ctp, line 8]
2010-09-20 06:30:43 Notice: Notice (8): Undefined index: base in [APP/views/proposition_trainings/index.ctp, line 9]
2010-09-20 06:30:43 Notice: Notice (8): Undefined index: answer_couple in [APP/views/proposition_trainings/index.ctp, line 9]
2010-09-20 06:33:56 Notice: Notice (8): Undefined index: base in [APP/views/proposition_trainings/index.ctp, line 2]
2010-09-20 06:33:56 Notice: Notice (8): Undefined index: answer_couple in [APP/views/proposition_trainings/index.ctp, line 2]
2010-09-20 06:33:56 Notice: Notice (8): Undefined index: VocabularyList in [APP/views/proposition_trainings/index.ctp, line 3]
2010-09-20 06:33:56 Notice: Notice (8): Undefined index: VocabularyList in [APP/views/proposition_trainings/index.ctp, line 7]
2010-09-20 06:33:56 Notice: Notice (8): Undefined index: answer_couple in [APP/views/proposition_trainings/index.ctp, line 8]
2010-09-20 06:33:56 Notice: Notice (8): Undefined index: base in [APP/views/proposition_trainings/index.ctp, line 9]
2010-09-20 06:33:56 Notice: Notice (8): Undefined index: answer_couple in [APP/views/proposition_trainings/index.ctp, line 9]
2010-09-20 06:34:21 Notice: Notice (8): Undefined index: answer_couple in [APP/views/proposition_trainings/index.ctp, line 2]
2010-09-20 06:34:21 Notice: Notice (8): Undefined index: VocabularyList in [APP/views/proposition_trainings/index.ctp, line 3]
2010-09-20 06:34:21 Notice: Notice (8): Undefined index: VocabularyList in [APP/views/proposition_trainings/index.ctp, line 7]
2010-09-20 06:34:21 Notice: Notice (8): Undefined index: answer_couple in [APP/views/proposition_trainings/index.ctp, line 8]
2010-09-20 06:34:21 Notice: Notice (8): Undefined index: answer_couple in [APP/views/proposition_trainings/index.ctp, line 9]
2010-09-20 06:34:47 Notice: Notice (8): Uninitialized string offset: 0 in [APP/views/proposition_trainings/index.ctp, line 2]
2010-09-20 06:34:47 Notice: Notice (8): Undefined index: VocabularyList in [APP/views/proposition_trainings/index.ctp, line 3]
2010-09-20 06:34:47 Notice: Notice (8): Undefined index: VocabularyList in [APP/views/proposition_trainings/index.ctp, line 7]
2010-09-20 06:34:47 Notice: Notice (8): Uninitialized string offset: 0 in [APP/views/proposition_trainings/index.ctp, line 8]
2010-09-20 06:34:47 Notice: Notice (8): Uninitialized string offset: 0 in [APP/views/proposition_trainings/index.ctp, line 9]
2010-09-20 06:36:58 Notice: Notice (8): Undefined index: base in [APP/views/proposition_trainings/index.ctp, line 2]
2010-09-20 06:36:58 Notice: Notice (8): Undefined index: answer_couple in [APP/views/proposition_trainings/index.ctp, line 2]
2010-09-20 06:36:58 Notice: Notice (8): Undefined index: VocabularyList in [APP/views/proposition_trainings/index.ctp, line 3]
2010-09-20 06:36:58 Notice: Notice (8): Undefined index: propositions in [APP/views/proposition_trainings/index.ctp, line 5]
2010-09-20 06:36:58 Notice: Notice (8): Undefined index: VocabularyList in [APP/views/proposition_trainings/index.ctp, line 7]
2010-09-20 06:36:58 Notice: Notice (8): Undefined index: answer_couple in [APP/views/proposition_trainings/index.ctp, line 8]
2010-09-20 06:36:58 Notice: Notice (8): Undefined index: base in [APP/views/proposition_trainings/index.ctp, line 9]
2010-09-20 06:36:58 Notice: Notice (8): Undefined index: answer_couple in [APP/views/proposition_trainings/index.ctp, line 9]
2010-09-20 06:38:25 Notice: Notice (8): Undefined index: base in [APP/views/proposition_trainings/index.ctp, line 2]
2010-09-20 06:38:25 Notice: Notice (8): Undefined index: answer_couple in [APP/views/proposition_trainings/index.ctp, line 2]
2010-09-20 06:38:25 Notice: Notice (8): Undefined index: VocabularyList in [APP/views/proposition_trainings/index.ctp, line 3]
2010-09-20 06:38:25 Notice: Notice (8): Undefined index: propositions in [APP/views/proposition_trainings/index.ctp, line 5]
2010-09-20 06:38:25 Notice: Notice (8): Undefined index: VocabularyList in [APP/views/proposition_trainings/index.ctp, line 7]
2010-09-20 06:38:25 Notice: Notice (8): Undefined index: answer_couple in [APP/views/proposition_trainings/index.ctp, line 8]
2010-09-20 06:38:25 Notice: Notice (8): Undefined index: base in [APP/views/proposition_trainings/index.ctp, line 9]
2010-09-20 06:38:25 Notice: Notice (8): Undefined index: answer_couple in [APP/views/proposition_trainings/index.ctp, line 9]
2010-09-20 07:03:09 Notice: Notice (8): Use of undefined constant tmp - assumed 'tmp' in [APP/controllers/proposition_trainings_controller.php, line 68]
2010-09-20 07:12:40 Notice: Notice (8): Undefined offset: 0 in [APP/controllers/proposition_trainings_controller.php, line 68]
2010-09-20 07:12:40 Notice: Notice (8): Undefined offset: 0 in [APP/controllers/proposition_trainings_controller.php, line 68]
2010-09-20 07:12:52 Notice: Notice (8): Use of undefined constant key - assumed 'key' in [APP/controllers/proposition_trainings_controller.php, line 68]
2010-09-20 07:12:53 Notice: Notice (8): Use of undefined constant key - assumed 'key' in [APP/controllers/proposition_trainings_controller.php, line 68]
2010-09-20 07:16:13 Notice: Notice (8): Undefined index: base in [APP/views/proposition_trainings/index.ctp, line 2]
2010-09-20 07:16:13 Notice: Notice (8): Undefined index: answer_couple in [APP/views/proposition_trainings/index.ctp, line 2]
2010-09-20 07:16:13 Notice: Notice (8): Undefined index: VocabularyList in [APP/views/proposition_trainings/index.ctp, line 3]
2010-09-20 07:16:13 Notice: Notice (8): Undefined index: propositions in [APP/views/proposition_trainings/index.ctp, line 5]
2010-09-20 07:16:13 Notice: Notice (8): Undefined index: VocabularyList in [APP/views/proposition_trainings/index.ctp, line 7]
2010-09-20 07:16:13 Notice: Notice (8): Undefined index: answer_couple in [APP/views/proposition_trainings/index.ctp, line 8]
2010-09-20 07:16:13 Notice: Notice (8): Undefined index: base in [APP/views/proposition_trainings/index.ctp, line 9]
2010-09-20 07:16:13 Notice: Notice (8): Undefined index: answer_couple in [APP/views/proposition_trainings/index.ctp, line 9]
2010-09-20 07:16:23 Notice: Notice (8): Undefined index: base in [APP/views/proposition_trainings/index.ctp, line 2]
2010-09-20 07:16:23 Notice: Notice (8): Undefined index: answer_couple in [APP/views/proposition_trainings/index.ctp, line 2]
2010-09-20 07:16:23 Notice: Notice (8): Undefined index: VocabularyList in [APP/views/proposition_trainings/index.ctp, line 3]
2010-09-20 07:16:23 Notice: Notice (8): Undefined index: propositions in [APP/views/proposition_trainings/index.ctp, line 5]
2010-09-20 07:16:23 Notice: Notice (8): Undefined index: VocabularyList in [APP/views/proposition_trainings/index.ctp, line 7]
2010-09-20 07:16:23 Notice: Notice (8): Undefined index: answer_couple in [APP/views/proposition_trainings/index.ctp, line 8]
2010-09-20 07:16:23 Notice: Notice (8): Undefined index: base in [APP/views/proposition_trainings/index.ctp, line 9]
2010-09-20 07:16:23 Notice: Notice (8): Undefined index: answer_couple in [APP/views/proposition_trainings/index.ctp, line 9]
2010-09-20 07:20:43 Notice: Notice (8): Undefined index: base in [APP/views/proposition_trainings/index.ctp, line 3]
2010-09-20 07:20:43 Notice: Notice (8): Undefined index: answer_couple in [APP/views/proposition_trainings/index.ctp, line 3]
2010-09-20 07:20:43 Notice: Notice (8): Undefined index: VocabularyList in [APP/views/proposition_trainings/index.ctp, line 4]
2010-09-20 07:20:43 Notice: Notice (8): Undefined index: propositions in [APP/views/proposition_trainings/index.ctp, line 6]
2010-09-20 07:20:43 Notice: Notice (8): Undefined index: VocabularyList in [APP/views/proposition_trainings/index.ctp, line 8]
2010-09-20 07:20:43 Notice: Notice (8): Undefined index: answer_couple in [APP/views/proposition_trainings/index.ctp, line 9]
2010-09-20 07:20:43 Notice: Notice (8): Undefined index: base in [APP/views/proposition_trainings/index.ctp, line 10]
2010-09-20 07:20:43 Notice: Notice (8): Undefined index: answer_couple in [APP/views/proposition_trainings/index.ctp, line 10]
2010-09-20 07:25:57 Notice: Notice (8): Undefined index: base in [APP/views/proposition_trainings/index.ctp, line 3]
2010-09-20 07:25:57 Notice: Notice (8): Undefined index: answer_couple in [APP/views/proposition_trainings/index.ctp, line 3]
2010-09-20 07:25:57 Notice: Notice (8): Undefined index: VocabularyList in [APP/views/proposition_trainings/index.ctp, line 4]
2010-09-20 07:25:57 Notice: Notice (8): Undefined index: propositions in [APP/views/proposition_trainings/index.ctp, line 6]
2010-09-20 07:25:57 Notice: Notice (8): Undefined index: VocabularyList in [APP/views/proposition_trainings/index.ctp, line 8]
2010-09-20 07:25:57 Notice: Notice (8): Undefined index: answer_couple in [APP/views/proposition_trainings/index.ctp, line 9]
2010-09-20 07:25:57 Notice: Notice (8): Undefined index: base in [APP/views/proposition_trainings/index.ctp, line 10]
2010-09-20 07:25:57 Notice: Notice (8): Undefined index: answer_couple in [APP/views/proposition_trainings/index.ctp, line 10]
2010-09-20 07:25:57 Notice: Notice (8): Undefined index: base in [APP/views/proposition_trainings/index.ctp, line 11]
2010-09-20 07:25:57 Notice: Notice (8): Undefined index: answer_couple in [APP/views/proposition_trainings/index.ctp, line 11]
2010-09-20 07:26:17 Notice: Notice (8): Undefined index: win in [APP/views/proposition_trainings/index.ctp, line 19]
2010-09-20 07:26:17 Notice: Notice (8): Undefined index: answer_question in [APP/views/proposition_trainings/index.ctp, line 22]
2010-09-20 07:26:17 Notice: Notice (8): Undefined index: answer_value in [APP/views/proposition_trainings/index.ctp, line 22]
2010-09-20 07:26:18 Notice: Notice (8): Undefined index: win in [APP/views/proposition_trainings/index.ctp, line 19]
2010-09-20 07:26:18 Notice: Notice (8): Undefined index: answer_question in [APP/views/proposition_trainings/index.ctp, line 22]
2010-09-20 07:26:18 Notice: Notice (8): Undefined index: answer_value in [APP/views/proposition_trainings/index.ctp, line 22]
2010-09-20 07:26:20 Notice: Notice (8): Undefined index: win in [APP/views/proposition_trainings/index.ctp, line 19]
2010-09-20 07:26:20 Notice: Notice (8): Undefined index: answer_question in [APP/views/proposition_trainings/index.ctp, line 22]
2010-09-20 07:26:20 Notice: Notice (8): Undefined index: answer_value in [APP/views/proposition_trainings/index.ctp, line 22]
2010-09-20 07:26:20 Notice: Notice (8): Undefined index: win in [APP/views/proposition_trainings/index.ctp, line 19]
2010-09-20 07:26:20 Notice: Notice (8): Undefined index: answer_question in [APP/views/proposition_trainings/index.ctp, line 22]
2010-09-20 07:26:20 Notice: Notice (8): Undefined index: answer_value in [APP/views/proposition_trainings/index.ctp, line 22]
2010-09-20 07:26:22 Notice: Notice (8): Undefined index: win in [APP/views/proposition_trainings/index.ctp, line 19]
2010-09-20 07:26:22 Notice: Notice (8): Undefined index: answer_question in [APP/views/proposition_trainings/index.ctp, line 22]
2010-09-20 07:26:22 Notice: Notice (8): Undefined index: answer_value in [APP/views/proposition_trainings/index.ctp, line 22]
2010-09-20 07:26:23 Notice: Notice (8): Undefined index: win in [APP/views/proposition_trainings/index.ctp, line 19]
2010-09-20 07:26:23 Notice: Notice (8): Undefined index: answer_question in [APP/views/proposition_trainings/index.ctp, line 22]
2010-09-20 07:26:23 Notice: Notice (8): Undefined index: answer_value in [APP/views/proposition_trainings/index.ctp, line 22]
2010-09-20 07:34:58 Notice: Notice (8): Undefined index: VocabularyList in [APP/views/proposition_trainings/index.ctp, line 30]
2010-09-20 08:40:17 Notice: Notice (8): Undefined index: VocabularyList in [APP/views/proposition_trainings/index.ctp, line 30]
2010-09-20 08:43:21 Notice: Notice (8): Undefined index: try in [APP/controllers/proposition_trainings_controller.php, line 32]
2010-09-20 09:54:58 Notice: Notice (8): Undefined variable: vocabulary_list_id in [APP/controllers/trainings_controller.php, line 6]
2010-09-20 09:58:16 Notice: Notice (8): Undefined variable: vocabulary_list_id in [APP/views/trainings/index.ctp, line 3]
2010-09-20 09:58:16 Notice: Notice (8): Undefined variable: vocabulary_list_id in [APP/views/trainings/index.ctp, line 6]
2010-09-20 09:58:16 Notice: Notice (8): Undefined variable: vocabulary_list_id in [APP/views/trainings/index.ctp, line 9]
2010-09-20 10:19:03 Notice: Notice (8): Undefined variable: vocabulary_list_id in [APP/views/trainings/index.ctp, line 3]
2010-09-20 10:19:03 Notice: Notice (8): Undefined variable: vocabulary_list_id in [APP/views/trainings/index.ctp, line 6]
2010-09-20 10:19:03 Notice: Notice (8): Undefined variable: vocabulary_list_id in [APP/views/trainings/index.ctp, line 9]
2010-09-20 10:45:43 Notice: Notice (8): Undefined property: View::$Session in [APP/views/proposition_trainings/index.ctp, line 5]
2010-09-20 10:53:02 Notice: Notice (8): Undefined variable: vocabulary_list_id in [APP/views/trainings/index.ctp, line 3]
2010-09-20 10:53:02 Notice: Notice (8): Undefined variable: vocabulary_list_id in [APP/views/trainings/index.ctp, line 6]
2010-09-20 10:53:02 Notice: Notice (8): Undefined variable: vocabulary_list_id in [APP/views/trainings/index.ctp, line 9]
2010-09-20 10:53:09 Notice: Notice (8): Undefined variable: vocabulary_list_id in [APP/views/trainings/index.ctp, line 3]
2010-09-20 10:53:09 Notice: Notice (8): Undefined variable: vocabulary_list_id in [APP/views/trainings/index.ctp, line 6]
2010-09-20 10:53:09 Notice: Notice (8): Undefined variable: vocabulary_list_id in [APP/views/trainings/index.ctp, line 9]
2010-09-20 10:53:09 Notice: Notice (8): Undefined variable: vocabulary_list_id in [APP/views/trainings/index.ctp, line 3]
2010-09-20 10:53:09 Notice: Notice (8): Undefined variable: vocabulary_list_id in [APP/views/trainings/index.ctp, line 6]
2010-09-20 10:53:09 Notice: Notice (8): Undefined variable: vocabulary_list_id in [APP/views/trainings/index.ctp, line 9]
2010-09-20 10:53:51 Notice: Notice (8): Undefined variable: vocabulary_list_id in [APP/views/trainings/index.ctp, line 3]
2010-09-20 10:53:51 Notice: Notice (8): Undefined variable: vocabulary_list_id in [APP/views/trainings/index.ctp, line 6]
2010-09-20 10:53:51 Notice: Notice (8): Undefined variable: vocabulary_list_id in [APP/views/trainings/index.ctp, line 9]
2010-09-20 10:54:00 Notice: Notice (8): Undefined variable: vocabulary_list_id in [APP/views/trainings/index.ctp, line 3]
2010-09-20 10:54:00 Notice: Notice (8): Undefined variable: vocabulary_list_id in [APP/views/trainings/index.ctp, line 6]
2010-09-20 10:54:00 Notice: Notice (8): Undefined variable: vocabulary_list_id in [APP/views/trainings/index.ctp, line 9]
2010-09-20 10:55:38 Notice: Notice (8): Undefined variable: vocabulary_list_id in [APP/views/trainings/index.ctp, line 3]
2010-09-20 10:55:38 Notice: Notice (8): Undefined variable: vocabulary_list_id in [APP/views/trainings/index.ctp, line 6]
2010-09-20 10:55:38 Notice: Notice (8): Undefined variable: vocabulary_list_id in [APP/views/trainings/index.ctp, line 9]
2010-09-20 10:57:09 Notice: Notice (8): Undefined variable: vocabulary_list_id in [APP/views/trainings/index.ctp, line 3]
2010-09-20 10:57:09 Notice: Notice (8): Undefined variable: vocabulary_list_id in [APP/views/trainings/index.ctp, line 6]
2010-09-20 10:57:09 Notice: Notice (8): Undefined variable: vocabulary_list_id in [APP/views/trainings/index.ctp, line 9]
2010-09-20 11:01:13 Notice: Notice (8): Undefined variable: vocabulary_list_id in [APP/views/trainings/index.ctp, line 3]
2010-09-20 11:01:13 Notice: Notice (8): Undefined variable: vocabulary_list_id in [APP/views/trainings/index.ctp, line 6]
2010-09-20 11:01:13 Notice: Notice (8): Undefined variable: vocabulary_list_id in [APP/views/trainings/index.ctp, line 9]
2010-09-20 11:03:46 Notice: Notice (8): Undefined variable: vocabulary_list_id in [APP/views/trainings/index.ctp, line 3]
2010-09-20 11:03:46 Notice: Notice (8): Undefined variable: vocabulary_list_id in [APP/views/trainings/index.ctp, line 6]
2010-09-20 11:03:46 Notice: Notice (8): Undefined variable: vocabulary_list_id in [APP/views/trainings/index.ctp, line 9]
2010-09-20 11:10:51 Notice: Notice (8): Undefined variable: vocabulary_list_id in [APP/views/trainings/index.ctp, line 3]
2010-09-20 11:10:51 Notice: Notice (8): Undefined variable: vocabulary_list_id in [APP/views/trainings/index.ctp, line 6]
2010-09-20 11:10:51 Notice: Notice (8): Undefined variable: vocabulary_list_id in [APP/views/trainings/index.ctp, line 9]
2010-09-20 11:10:52 Notice: Notice (8): Undefined variable: vocabulary_list_id in [APP/views/trainings/index.ctp, line 3]
2010-09-20 11:10:52 Notice: Notice (8): Undefined variable: vocabulary_list_id in [APP/views/trainings/index.ctp, line 6]
2010-09-20 11:10:52 Notice: Notice (8): Undefined variable: vocabulary_list_id in [APP/views/trainings/index.ctp, line 9]
2010-09-20 11:10:58 Notice: Notice (8): Undefined variable: vocabulary_list_id in [APP/views/trainings/index.ctp, line 3]
2010-09-20 11:10:58 Notice: Notice (8): Undefined variable: vocabulary_list_id in [APP/views/trainings/index.ctp, line 6]
2010-09-20 11:10:58 Notice: Notice (8): Undefined variable: vocabulary_list_id in [APP/views/trainings/index.ctp, line 9]
2010-09-20 11:11:03 Notice: Notice (8): Undefined variable: vocabulary_list_id in [APP/views/trainings/index.ctp, line 3]
2010-09-20 11:11:03 Notice: Notice (8): Undefined variable: vocabulary_list_id in [APP/views/trainings/index.ctp, line 6]
2010-09-20 11:11:03 Notice: Notice (8): Undefined variable: vocabulary_list_id in [APP/views/trainings/index.ctp, line 9]
2010-09-20 11:12:30 Notice: Notice (8): Undefined variable: vocabulary_list_id in [APP/views/trainings/index.ctp, line 3]
2010-09-20 11:12:30 Notice: Notice (8): Undefined variable: vocabulary_list_id in [APP/views/trainings/index.ctp, line 6]
2010-09-20 11:12:30 Notice: Notice (8): Undefined variable: vocabulary_list_id in [APP/views/trainings/index.ctp, line 9]
2010-09-20 11:12:31 Notice: Notice (8): Undefined variable: vocabulary_list_id in [APP/views/trainings/index.ctp, line 3]
2010-09-20 11:12:31 Notice: Notice (8): Undefined variable: vocabulary_list_id in [APP/views/trainings/index.ctp, line 6]
2010-09-20 11:12:31 Notice: Notice (8): Undefined variable: vocabulary_list_id in [APP/views/trainings/index.ctp, line 9]
2010-09-20 11:12:32 Notice: Notice (8): Undefined variable: vocabulary_list_id in [APP/views/trainings/index.ctp, line 3]
2010-09-20 11:12:32 Notice: Notice (8): Undefined variable: vocabulary_list_id in [APP/views/trainings/index.ctp, line 6]
2010-09-20 11:12:32 Notice: Notice (8): Undefined variable: vocabulary_list_id in [APP/views/trainings/index.ctp, line 9]
2010-09-20 11:17:11 Notice: Notice (8): Undefined variable: vocabulary_list_id in [APP/views/trainings/index.ctp, line 3]
2010-09-20 11:17:11 Notice: Notice (8): Undefined variable: vocabulary_list_id in [APP/views/trainings/index.ctp, line 6]
2010-09-20 11:17:11 Notice: Notice (8): Undefined variable: vocabulary_list_id in [APP/views/trainings/index.ctp, line 9]
2010-09-20 11:17:21 Notice: Notice (8): Undefined variable: vocabulary_list_id in [APP/views/trainings/index.ctp, line 3]
2010-09-20 11:17:21 Notice: Notice (8): Undefined variable: vocabulary_list_id in [APP/views/trainings/index.ctp, line 6]
2010-09-20 11:17:21 Notice: Notice (8): Undefined variable: vocabulary_list_id in [APP/views/trainings/index.ctp, line 9]
2010-09-20 11:17:34 Notice: Notice (8): Undefined variable: vocabulary_list_id in [APP/views/trainings/index.ctp, line 3]
2010-09-20 11:17:34 Notice: Notice (8): Undefined variable: vocabulary_list_id in [APP/views/trainings/index.ctp, line 6]
2010-09-20 11:17:34 Notice: Notice (8): Undefined variable: vocabulary_list_id in [APP/views/trainings/index.ctp, line 9]
2010-09-20 11:22:52 Notice: Notice (8): Undefined variable: vocabulary_list_id in [APP/views/trainings/index.ctp, line 3]
2010-09-20 11:22:52 Notice: Notice (8): Undefined variable: vocabulary_list_id in [APP/views/trainings/index.ctp, line 6]
2010-09-20 11:22:52 Notice: Notice (8): Undefined variable: vocabulary_list_id in [APP/views/trainings/index.ctp, line 9]
2010-09-20 11:27:55 Notice: Notice (8): Undefined variable: vocabulary_list_id in [APP/views/trainings/index.ctp, line 3]
2010-09-20 11:27:55 Notice: Notice (8): Undefined variable: vocabulary_list_id in [APP/views/trainings/index.ctp, line 6]
2010-09-20 11:27:55 Notice: Notice (8): Undefined variable: vocabulary_list_id in [APP/views/trainings/index.ctp, line 9]
2010-09-20 11:33:58 Notice: Notice (8): Undefined property: View::$Session in [APP/views/layouts/default.ctp, line 17]
2010-09-20 11:34:02 Notice: Notice (8): Undefined property: View::$Session in [APP/views/layouts/default.ctp, line 17]
2010-09-21 02:30:40 Notice: Notice (8): Undefined index: PropositionTraining in [APP/controllers/proposition_trainings_controller.php, line 35]
2010-09-21 02:30:40 Notice: Notice (8): Undefined index: answer_question in [APP/views/proposition_trainings/index.ctp, line 34]
2010-09-21 02:30:40 Notice: Notice (8): Undefined index: answer_value in [APP/views/proposition_trainings/index.ctp, line 34]
2010-09-21 02:30:40 Notice: Notice (8): Undefined index: PropositionTraining in [APP/controllers/proposition_trainings_controller.php, line 35]
2010-09-21 02:30:40 Notice: Notice (8): Undefined index: answer_question in [APP/views/proposition_trainings/index.ctp, line 34]
2010-09-21 02:30:40 Notice: Notice (8): Undefined index: answer_value in [APP/views/proposition_trainings/index.ctp, line 34]
2010-09-21 02:31:06 Notice: Notice (8): Undefined index: PropositionTraining in [APP/controllers/proposition_trainings_controller.php, line 35]
2010-09-21 02:31:06 Notice: Notice (8): Undefined index: answer_question in [APP/views/proposition_trainings/index.ctp, line 34]
2010-09-21 02:31:06 Notice: Notice (8): Undefined index: answer_value in [APP/views/proposition_trainings/index.ctp, line 34]
2010-09-21 02:31:06 Notice: Notice (8): Undefined index: PropositionTraining in [APP/controllers/proposition_trainings_controller.php, line 35]
2010-09-21 02:31:06 Notice: Notice (8): Undefined index: answer_question in [APP/views/proposition_trainings/index.ctp, line 34]
2010-09-21 02:31:06 Notice: Notice (8): Undefined index: answer_value in [APP/views/proposition_trainings/index.ctp, line 34]
2010-09-21 02:36:43 Notice: Notice (8): Undefined index: PropositionTraining in [APP/controllers/proposition_trainings_controller.php, line 36]
2010-09-21 02:36:43 Notice: Notice (8): Undefined index: answer_question in [APP/views/proposition_trainings/index.ctp, line 34]
2010-09-21 02:36:43 Notice: Notice (8): Undefined index: answer_value in [APP/views/proposition_trainings/index.ctp, line 34]
2010-09-21 02:36:43 Notice: Notice (8): Undefined index: PropositionTraining in [APP/controllers/proposition_trainings_controller.php, line 36]
2010-09-21 02:36:43 Notice: Notice (8): Undefined index: answer_question in [APP/views/proposition_trainings/index.ctp, line 34]
2010-09-21 02:36:43 Notice: Notice (8): Undefined index: answer_value in [APP/views/proposition_trainings/index.ctp, line 34]
2010-09-22 17:10:54 Notice: Notice (8): Undefined index: VocabularyList in [APP/controllers/vocabulary_lists_controller.php, line 28]
2010-09-22 17:10:54 Notice: Notice (8): Undefined index: InputLanguage in [APP/views/vocabulary_lists/view.ctp, line 2]
2010-09-22 17:10:54 Notice: Notice (8): Undefined index: OutputLanguage in [APP/views/vocabulary_lists/view.ctp, line 2]
2010-09-22 17:10:54 Notice: Notice (8): Undefined index: VocabularyList in [APP/views/vocabulary_lists/view.ctp, line 5]
2010-09-22 17:10:54 Notice: Notice (8): Undefined index: VocabularyList in [APP/views/vocabulary_lists/view.ctp, line 9]
2010-09-22 17:10:54 Notice: Notice (8): Undefined index: VocabularyList in [APP/views/vocabulary_lists/view.ctp, line 13]
2010-09-22 17:10:54 Notice: Notice (8): Undefined index: VocabularyList in [APP/views/vocabulary_lists/view.ctp, line 16]
2010-09-22 17:10:54 Notice: Notice (8): Undefined index: Translation in [APP/views/vocabulary_lists/view.ctp, line 23]
2010-09-22 17:10:54 Notice: Notice (8): Undefined index: VocabularyList in [APP/views/vocabulary_lists/view.ctp, line 33]
2010-09-22 17:10:55 Notice: Notice (8): Undefined index: VocabularyList in [APP/controllers/vocabulary_lists_controller.php, line 28]
2010-09-22 17:10:55 Notice: Notice (8): Undefined index: InputLanguage in [APP/views/vocabulary_lists/view.ctp, line 2]
2010-09-22 17:10:55 Notice: Notice (8): Undefined index: OutputLanguage in [APP/views/vocabulary_lists/view.ctp, line 2]
2010-09-22 17:10:55 Notice: Notice (8): Undefined index: VocabularyList in [APP/views/vocabulary_lists/view.ctp, line 5]
2010-09-22 17:10:55 Notice: Notice (8): Undefined index: VocabularyList in [APP/views/vocabulary_lists/view.ctp, line 9]
2010-09-22 17:10:55 Notice: Notice (8): Undefined index: VocabularyList in [APP/views/vocabulary_lists/view.ctp, line 13]
2010-09-22 17:10:55 Notice: Notice (8): Undefined index: VocabularyList in [APP/views/vocabulary_lists/view.ctp, line 16]
2010-09-22 17:10:55 Notice: Notice (8): Undefined index: Translation in [APP/views/vocabulary_lists/view.ctp, line 23]
2010-09-22 17:10:55 Notice: Notice (8): Undefined index: VocabularyList in [APP/views/vocabulary_lists/view.ctp, line 33]
2010-09-22 17:12:07 Notice: Notice (8): Undefined index: VocabularyList in [APP/controllers/vocabulary_lists_controller.php, line 28]
2010-09-22 17:12:08 Notice: Notice (8): Undefined index: InputLanguage in [APP/views/vocabulary_lists/view.ctp, line 2]
2010-09-22 17:12:08 Notice: Notice (8): Undefined index: OutputLanguage in [APP/views/vocabulary_lists/view.ctp, line 2]
2010-09-22 17:12:08 Notice: Notice (8): Undefined index: VocabularyList in [APP/views/vocabulary_lists/view.ctp, line 5]
2010-09-22 17:12:08 Notice: Notice (8): Undefined index: VocabularyList in [APP/views/vocabulary_lists/view.ctp, line 9]
2010-09-22 17:12:08 Notice: Notice (8): Undefined index: VocabularyList in [APP/views/vocabulary_lists/view.ctp, line 13]
2010-09-22 17:12:08 Notice: Notice (8): Undefined index: VocabularyList in [APP/views/vocabulary_lists/view.ctp, line 16]
2010-09-22 17:12:08 Notice: Notice (8): Undefined index: Translation in [APP/views/vocabulary_lists/view.ctp, line 23]
2010-09-22 17:12:08 Notice: Notice (8): Undefined index: VocabularyList in [APP/views/vocabulary_lists/view.ctp, line 33]
2010-09-22 17:12:08 Notice: Notice (8): Undefined index: VocabularyList in [APP/controllers/vocabulary_lists_controller.php, line 28]
2010-09-22 17:12:08 Notice: Notice (8): Undefined index: InputLanguage in [APP/views/vocabulary_lists/view.ctp, line 2]
2010-09-22 17:12:08 Notice: Notice (8): Undefined index: OutputLanguage in [APP/views/vocabulary_lists/view.ctp, line 2]
2010-09-22 17:12:08 Notice: Notice (8): Undefined index: VocabularyList in [APP/views/vocabulary_lists/view.ctp, line 5]
2010-09-22 17:12:08 Notice: Notice (8): Undefined index: VocabularyList in [APP/views/vocabulary_lists/view.ctp, line 9]
2010-09-22 17:12:08 Notice: Notice (8): Undefined index: VocabularyList in [APP/views/vocabulary_lists/view.ctp, line 13]
2010-09-22 17:12:08 Notice: Notice (8): Undefined index: VocabularyList in [APP/views/vocabulary_lists/view.ctp, line 16]
2010-09-22 17:12:08 Notice: Notice (8): Undefined index: Translation in [APP/views/vocabulary_lists/view.ctp, line 23]
2010-09-22 17:12:08 Notice: Notice (8): Undefined index: VocabularyList in [APP/views/vocabulary_lists/view.ctp, line 33]
2010-09-22 17:12:43 Notice: Notice (8): Undefined index: VocabularyList in [APP/controllers/vocabulary_lists_controller.php, line 30]
2010-09-22 17:12:43 Notice: Notice (8): Undefined index: InputLanguage in [APP/views/vocabulary_lists/view.ctp, line 2]
2010-09-22 17:12:43 Notice: Notice (8): Undefined index: OutputLanguage in [APP/views/vocabulary_lists/view.ctp, line 2]
2010-09-22 17:12:43 Notice: Notice (8): Undefined index: VocabularyList in [APP/views/vocabulary_lists/view.ctp, line 5]
2010-09-22 17:12:43 Notice: Notice (8): Undefined index: VocabularyList in [APP/views/vocabulary_lists/view.ctp, line 9]
2010-09-22 17:12:43 Notice: Notice (8): Undefined index: VocabularyList in [APP/views/vocabulary_lists/view.ctp, line 13]
2010-09-22 17:12:43 Notice: Notice (8): Undefined index: VocabularyList in [APP/views/vocabulary_lists/view.ctp, line 16]
2010-09-22 17:12:43 Notice: Notice (8): Undefined index: Translation in [APP/views/vocabulary_lists/view.ctp, line 23]
2010-09-22 17:12:43 Notice: Notice (8): Undefined index: VocabularyList in [APP/views/vocabulary_lists/view.ctp, line 33]
2010-09-22 17:12:44 Notice: Notice (8): Undefined index: VocabularyList in [APP/controllers/vocabulary_lists_controller.php, line 30]
2010-09-22 17:12:44 Notice: Notice (8): Undefined index: InputLanguage in [APP/views/vocabulary_lists/view.ctp, line 2]
2010-09-22 17:12:44 Notice: Notice (8): Undefined index: OutputLanguage in [APP/views/vocabulary_lists/view.ctp, line 2]
2010-09-22 17:12:44 Notice: Notice (8): Undefined index: VocabularyList in [APP/views/vocabulary_lists/view.ctp, line 5]
2010-09-22 17:12:44 Notice: Notice (8): Undefined index: VocabularyList in [APP/views/vocabulary_lists/view.ctp, line 9]
2010-09-22 17:12:44 Notice: Notice (8): Undefined index: VocabularyList in [APP/views/vocabulary_lists/view.ctp, line 13]
2010-09-22 17:12:44 Notice: Notice (8): Undefined index: VocabularyList in [APP/views/vocabulary_lists/view.ctp, line 16]
2010-09-22 17:12:44 Notice: Notice (8): Undefined index: Translation in [APP/views/vocabulary_lists/view.ctp, line 23]
2010-09-22 17:12:44 Notice: Notice (8): Undefined index: VocabularyList in [APP/views/vocabulary_lists/view.ctp, line 33]
2010-09-22 17:21:30 Notice: Notice (8): Undefined index: VocabularyList in [APP/controllers/vocabulary_lists_controller.php, line 34]
2010-09-22 17:21:30 Notice: Notice (8): Undefined index: InputLanguage in [APP/views/vocabulary_lists/view.ctp, line 2]
2010-09-22 17:21:30 Notice: Notice (8): Undefined index: OutputLanguage in [APP/views/vocabulary_lists/view.ctp, line 2]
2010-09-22 17:21:30 Notice: Notice (8): Undefined index: VocabularyList in [APP/views/vocabulary_lists/view.ctp, line 5]
2010-09-22 17:21:30 Notice: Notice (8): Undefined index: VocabularyList in [APP/views/vocabulary_lists/view.ctp, line 9]
2010-09-22 17:21:30 Notice: Notice (8): Undefined index: VocabularyList in [APP/views/vocabulary_lists/view.ctp, line 13]
2010-09-22 17:21:30 Notice: Notice (8): Undefined index: VocabularyList in [APP/views/vocabulary_lists/view.ctp, line 16]
2010-09-22 17:21:30 Notice: Notice (8): Undefined index: VocabularyList in [APP/views/vocabulary_lists/view.ctp, line 33]
2010-09-22 17:23:03 Notice: Notice (8): Undefined property: VocabularyListsController::$Translation in [APP/controllers/vocabulary_lists_controller.php, line 20]
2010-09-22 17:23:35 Notice: Notice (8): Undefined index: base in [APP/views/vocabulary_lists/view.ctp, line 25]
2010-09-22 17:23:35 Notice: Notice (8): Undefined index: translation in [APP/views/vocabulary_lists/view.ctp, line 26]
2010-09-22 17:23:35 Notice: Notice (8): Undefined index: VocabularyList in [APP/controllers/vocabulary_lists_controller.php, line 34]
2010-09-22 17:23:35 Notice: Notice (8): Undefined index: InputLanguage in [APP/views/vocabulary_lists/view.ctp, line 2]
2010-09-22 17:23:35 Notice: Notice (8): Undefined index: OutputLanguage in [APP/views/vocabulary_lists/view.ctp, line 2]
2010-09-22 17:23:35 Notice: Notice (8): Undefined index: VocabularyList in [APP/views/vocabulary_lists/view.ctp, line 5]
2010-09-22 17:23:35 Notice: Notice (8): Undefined index: VocabularyList in [APP/views/vocabulary_lists/view.ctp, line 9]
2010-09-22 17:23:35 Notice: Notice (8): Undefined index: VocabularyList in [APP/views/vocabulary_lists/view.ctp, line 13]
2010-09-22 17:23:35 Notice: Notice (8): Undefined index: VocabularyList in [APP/views/vocabulary_lists/view.ctp, line 16]
2010-09-22 17:23:35 Notice: Notice (8): Undefined index: VocabularyList in [APP/views/vocabulary_lists/view.ctp, line 33]
2010-09-22 17:23:53 Notice: Notice (8): Undefined index: base in [APP/views/vocabulary_lists/view.ctp, line 25]
2010-09-22 17:23:53 Notice: Notice (8): Undefined index: translation in [APP/views/vocabulary_lists/view.ctp, line 26]
2010-09-22 17:23:53 Notice: Notice (8): Undefined index: VocabularyList in [APP/controllers/vocabulary_lists_controller.php, line 34]
2010-09-22 17:23:54 Notice: Notice (8): Undefined index: InputLanguage in [APP/views/vocabulary_lists/view.ctp, line 2]
2010-09-22 17:23:54 Notice: Notice (8): Undefined index: OutputLanguage in [APP/views/vocabulary_lists/view.ctp, line 2]
2010-09-22 17:23:54 Notice: Notice (8): Undefined index: VocabularyList in [APP/views/vocabulary_lists/view.ctp, line 5]
2010-09-22 17:23:54 Notice: Notice (8): Undefined index: VocabularyList in [APP/views/vocabulary_lists/view.ctp, line 9]
2010-09-22 17:23:54 Notice: Notice (8): Undefined index: VocabularyList in [APP/views/vocabulary_lists/view.ctp, line 13]
2010-09-22 17:23:54 Notice: Notice (8): Undefined index: VocabularyList in [APP/views/vocabulary_lists/view.ctp, line 16]
2010-09-22 17:23:54 Notice: Notice (8): Undefined index: VocabularyList in [APP/views/vocabulary_lists/view.ctp, line 33]
2010-09-23 18:58:08 Notice: Notice (8): Undefined index: try in [APP/controllers/proposition_trainings_controller.php, line 56]
