2010-09-15 21:16:42 Warning: Warning (2): strtotime() [<a href='http://php.net/function.strtotime'>function.strtotime</a>]: It is not safe to rely on the system's timezone settings. You are *required* to use the date.timezone setting or the date_default_timezone_set() function. In case you used any of those methods and you are still getting this warning, you most likely misspelled the timezone identifier. We selected 'Europe/Berlin' for 'CEST/2.0/DST' instead in [CORE/cake/libs/cache.php, line 429]
2010-09-17 00:26:27 Warning: Warning (512): Controller::paginate() - can't find model SportsArea in controller VocabularyListsController in [CORE/cake/libs/controller/controller.php, line 976]
2010-09-17 00:27:42 Warning: Warning (512): <span style = "color:Red;text-align:left"><b>SQL Error:</b> 1054: Unknown column 'VocabularyList.title' in 'order clause'</span> in [CORE/cake/libs/model/datasources/dbo_source.php, line 525]
2010-09-17 00:47:02 Warning: Warning (512): <span style = "color:Red;text-align:left"><b>SQL Error:</b> 1054: Unknown column 'InputLanguage.vocabulary_list_id' in 'on clause'</span> in [CORE/cake/libs/model/datasources/dbo_source.php, line 525]
2010-09-17 00:48:41 Warning: Warning (512): <span style = "color:Red;text-align:left"><b>SQL Error:</b> 1054: Unknown column 'VocabularyList.output_language_id' in 'on clause'</span> in [CORE/cake/libs/model/datasources/dbo_source.php, line 525]
2010-09-17 00:48:49 Warning: Warning (512): <span style = "color:Red;text-align:left"><b>SQL Error:</b> 1054: Unknown column 'VocabularyList.outpu_language_id' in 'field list'</span> in [CORE/cake/libs/model/datasources/dbo_source.php, line 525]
2010-09-17 00:48:51 Warning: Warning (512): <span style = "color:Red;text-align:left"><b>SQL Error:</b> 1054: Unknown column 'VocabularyList.outpu_language_id' in 'field list'</span> in [CORE/cake/libs/model/datasources/dbo_source.php, line 525]
2010-09-17 01:08:54 Warning: Warning (2): in_array() expects parameter 2 to be array, null given in [APP/app_controller.php, line 7]
2010-09-17 01:08:54 Warning: Warning (2): Cannot modify header information - headers already sent by (output started at /Users/olbat/dev/www/vocab/cake/basics.php:109) in [CORE/cake/libs/controller/controller.php, line 644]
2010-09-17 01:09:35 Warning: Warning (512): <span style = "color:Red;text-align:left"><b>SQL Error:</b> 1054: Unknown column 'Translation.vocabulary_list_id' in 'field list'</span> in [CORE/cake/libs/model/datasources/dbo_source.php, line 525]
2010-09-17 01:09:35 Warning: Warning (2): Invalid argument supplied for foreach() in [CORE/cake/libs/model/datasources/dbo_source.php, line 918]
2010-09-17 02:25:58 Warning: Warning (2): Invalid argument supplied for foreach() in [APP/views/vocabulary_lists/view.ctp, line 13]
2010-09-17 02:26:15 Warning: Warning (2): Invalid argument supplied for foreach() in [APP/views/vocabulary_lists/view.ctp, line 12]
2010-09-17 02:29:17 Warning: Warning (2): Invalid argument supplied for foreach() in [APP/views/vocabulary_lists/view.ctp, line 12]
2010-09-17 02:29:52 Warning: Warning (2): Invalid argument supplied for foreach() in [APP/views/vocabulary_lists/view.ctp, line 12]
2010-09-17 03:30:12 Warning: Warning (2): Invalid argument supplied for foreach() in [APP/views/translations/add.ctp, line 16]
2010-09-17 03:30:33 Warning: Warning (2): Invalid argument supplied for foreach() in [APP/views/translations/add.ctp, line 17]
2010-09-17 03:31:22 Warning: Warning (2): Invalid argument supplied for foreach() in [APP/views/translations/add.ctp, line 17]
2010-09-17 03:31:37 Warning: Warning (2): Missing argument 1 for TranslationsController::add(), called in /Users/olbat/dev/www/vocab/cake/libs/object.php on line 116 and defined in [APP/controllers/translations_controller.php, line 6]
2010-09-17 03:31:41 Warning: Warning (2): Invalid argument supplied for foreach() in [APP/views/translations/add.ctp, line 17]
2010-09-17 03:32:54 Warning: Warning (2): Invalid argument supplied for foreach() in [APP/views/translations/add.ctp, line 17]
2010-09-17 03:32:54 Warning: Warning (2): Missing argument 1 for TranslationsController::add(), called in /Users/olbat/dev/www/vocab/cake/libs/object.php on line 116 and defined in [APP/controllers/translations_controller.php, line 6]
2010-09-17 03:32:59 Warning: Warning (2): Invalid argument supplied for foreach() in [APP/views/translations/add.ctp, line 17]
2010-09-17 03:34:15 Warning: Warning (2): Invalid argument supplied for foreach() in [APP/views/translations/add.ctp, line 18]
2010-09-17 03:34:16 Warning: Warning (2): Missing argument 1 for TranslationsController::add(), called in /Users/olbat/dev/www/vocab/cake/libs/object.php on line 116 and defined in [APP/controllers/translations_controller.php, line 6]
2010-09-17 03:34:37 Warning: Warning (2): Missing argument 1 for TranslationsController::add(), called in /Users/olbat/dev/www/vocab/cake/libs/object.php on line 116 and defined in [APP/controllers/translations_controller.php, line 6]
2010-09-17 03:34:37 Warning: Warning (2): Invalid argument supplied for foreach() in [APP/views/translations/add.ctp, line 18]
2010-09-17 03:34:39 Warning: Warning (2): Missing argument 1 for TranslationsController::add(), called in /Users/olbat/dev/www/vocab/cake/libs/object.php on line 116 and defined in [APP/controllers/translations_controller.php, line 6]
2010-09-17 03:34:40 Warning: Warning (2): Invalid argument supplied for foreach() in [APP/views/translations/add.ctp, line 18]
2010-09-17 03:35:38 Warning: Warning (2): Missing argument 1 for TranslationsController::add(), called in /Users/olbat/dev/www/vocab/cake/libs/object.php on line 116 and defined in [APP/controllers/translations_controller.php, line 6]
2010-09-17 03:35:38 Warning: Warning (2): Invalid argument supplied for foreach() in [APP/views/translations/add.ctp, line 18]
2010-09-17 03:36:03 Warning: Warning (2): Missing argument 1 for TranslationsController::add(), called in /Users/olbat/dev/www/vocab/cake/libs/object.php on line 116 and defined in [APP/controllers/translations_controller.php, line 6]
2010-09-17 03:36:03 Warning: Warning (2): Invalid argument supplied for foreach() in [APP/views/translations/add.ctp, line 18]
2010-09-17 03:36:20 Warning: Warning (2): Invalid argument supplied for foreach() in [APP/views/translations/add.ctp, line 18]
2010-09-17 03:36:22 Warning: Warning (2): Missing argument 1 for TranslationsController::add(), called in /Users/olbat/dev/www/vocab/cake/libs/object.php on line 116 and defined in [APP/controllers/translations_controller.php, line 6]
2010-09-17 03:36:22 Warning: Warning (2): Invalid argument supplied for foreach() in [APP/views/translations/add.ctp, line 18]
2010-09-17 03:38:54 Warning: Warning (2): Missing argument 1 for TranslationsController::add(), called in /Users/olbat/dev/www/vocab/cake/libs/object.php on line 116 and defined in [APP/controllers/translations_controller.php, line 6]
2010-09-17 03:38:54 Warning: Warning (2): Invalid argument supplied for foreach() in [APP/views/translations/add.ctp, line 19]
2010-09-17 03:38:58 Warning: Warning (2): Invalid argument supplied for foreach() in [APP/views/translations/add.ctp, line 19]
2010-09-17 03:39:23 Warning: Warning (2): Invalid argument supplied for foreach() in [APP/views/translations/add.ctp, line 19]
2010-09-17 03:39:24 Warning: Warning (2): Invalid argument supplied for foreach() in [APP/views/translations/add.ctp, line 19]
2010-09-17 03:39:27 Warning: Warning (2): Invalid argument supplied for foreach() in [APP/views/translations/add.ctp, line 19]
2010-09-17 03:39:48 Warning: Warning (2): Invalid argument supplied for foreach() in [APP/views/translations/add.ctp, line 19]
2010-09-17 03:40:10 Warning: Warning (2): Invalid argument supplied for foreach() in [APP/views/translations/add.ctp, line 19]
2010-09-17 03:40:42 Warning: Warning (2): Invalid argument supplied for foreach() in [APP/views/translations/add.ctp, line 19]
2010-09-17 03:42:59 Warning: Warning (2): Invalid argument supplied for foreach() in [APP/views/translations/add.ctp, line 19]
2010-09-17 03:43:25 Warning: Warning (2): Invalid argument supplied for foreach() in [APP/views/translations/add.ctp, line 19]
2010-09-17 03:44:36 Warning: Warning (2): Invalid argument supplied for foreach() in [APP/views/translations/add.ctp, line 19]
2010-09-17 03:44:39 Warning: Warning (2): Invalid argument supplied for foreach() in [APP/views/translations/add.ctp, line 19]
2010-09-17 03:46:02 Warning: Warning (2): Invalid argument supplied for foreach() in [APP/views/translations/add.ctp, line 23]
2010-09-17 03:46:33 Warning: Warning (2): Invalid argument supplied for foreach() in [APP/views/translations/add.ctp, line 24]
2010-09-17 03:47:28 Warning: Warning (2): Invalid argument supplied for foreach() in [APP/views/translations/add.ctp, line 25]
2010-09-17 03:47:50 Warning: Warning (2): Invalid argument supplied for foreach() in [APP/views/translations/add.ctp, line 24]
2010-09-17 03:48:26 Warning: Warning (2): Invalid argument supplied for foreach() in [APP/views/translations/add.ctp, line 25]
2010-09-17 03:48:44 Warning: Warning (2): Invalid argument supplied for foreach() in [APP/views/translations/add.ctp, line 25]
2010-09-17 03:49:02 Warning: Warning (2): Invalid argument supplied for foreach() in [APP/views/translations/add.ctp, line 26]
2010-09-17 03:54:43 Warning: Warning (2): Invalid argument supplied for foreach() in [APP/views/translations/add.ctp, line 26]
2010-09-17 03:55:10 Warning: Warning (2): Invalid argument supplied for foreach() in [APP/views/translations/add.ctp, line 26]
2010-09-17 03:55:11 Warning: Warning (2): Invalid argument supplied for foreach() in [APP/views/translations/add.ctp, line 26]
2010-09-17 03:55:12 Warning: Warning (2): Invalid argument supplied for foreach() in [APP/views/vocabulary_lists/view.ctp, line 12]
2010-09-17 03:55:37 Warning: Warning (2): Invalid argument supplied for foreach() in [APP/views/translations/add.ctp, line 26]
2010-09-17 03:56:29 Warning: Warning (2): Invalid argument supplied for foreach() in [APP/views/translations/add.ctp, line 27]
2010-09-17 03:57:13 Warning: Warning (2): Invalid argument supplied for foreach() in [APP/views/translations/add.ctp, line 28]
2010-09-17 03:57:28 Warning: Warning (2): Invalid argument supplied for foreach() in [APP/views/translations/add.ctp, line 29]
2010-09-17 03:57:40 Warning: Warning (2): Invalid argument supplied for foreach() in [APP/views/translations/add.ctp, line 28]
2010-09-17 03:57:56 Warning: Warning (2): Invalid argument supplied for foreach() in [APP/views/vocabulary_lists/view.ctp, line 12]
2010-09-17 04:02:57 Warning: Warning (2): Invalid argument supplied for foreach() in [APP/views/vocabulary_lists/view.ctp, line 13]
2010-09-17 04:02:59 Warning: Warning (2): Invalid argument supplied for foreach() in [APP/views/vocabulary_lists/view.ctp, line 13]
2010-09-17 04:03:06 Warning: Warning (2): Invalid argument supplied for foreach() in [APP/views/vocabulary_lists/view.ctp, line 13]
2010-09-17 04:04:29 Warning: Warning (2): Invalid argument supplied for foreach() in [APP/views/vocabulary_lists/view.ctp, line 13]
2010-09-17 04:04:43 Warning: Warning (2): Invalid argument supplied for foreach() in [APP/views/vocabulary_lists/view.ctp, line 13]
2010-09-17 04:05:00 Warning: Warning (2): Invalid argument supplied for foreach() in [APP/views/translations/add.ctp, line 28]
2010-09-17 04:05:27 Warning: Warning (2): Invalid argument supplied for foreach() in [APP/views/vocabulary_lists/view.ctp, line 13]
2010-09-17 04:05:52 Warning: Warning (2): Invalid argument supplied for foreach() in [APP/views/vocabulary_lists/view.ctp, line 13]
2010-09-17 04:07:31 Warning: Warning (2): Invalid argument supplied for foreach() in [APP/views/vocabulary_lists/view.ctp, line 18]
2010-09-17 04:07:47 Warning: Warning (2): Invalid argument supplied for foreach() in [APP/views/vocabulary_lists/view.ctp, line 18]
2010-09-17 04:07:54 Warning: Warning (2): Invalid argument supplied for foreach() in [APP/views/vocabulary_lists/view.ctp, line 18]
2010-09-17 04:08:06 Warning: Warning (2): Invalid argument supplied for foreach() in [APP/views/vocabulary_lists/view.ctp, line 18]
2010-09-17 04:08:13 Warning: Warning (2): Invalid argument supplied for foreach() in [APP/views/vocabulary_lists/view.ctp, line 18]
2010-09-17 04:08:27 Warning: Warning (2): Invalid argument supplied for foreach() in [APP/views/vocabulary_lists/view.ctp, line 18]
2010-09-17 04:10:26 Warning: Warning (2): Invalid argument supplied for foreach() in [APP/views/vocabulary_lists/view.ctp, line 18]
2010-09-17 04:10:27 Warning: Warning (2): Invalid argument supplied for foreach() in [APP/views/vocabulary_lists/view.ctp, line 18]
2010-09-17 04:11:28 Warning: Warning (2): Invalid argument supplied for foreach() in [APP/views/vocabulary_lists/view.ctp, line 18]
2010-09-17 04:11:29 Warning: Warning (2): Invalid argument supplied for foreach() in [APP/views/vocabulary_lists/view.ctp, line 18]
2010-09-17 04:11:30 Warning: Warning (2): Invalid argument supplied for foreach() in [APP/views/vocabulary_lists/view.ctp, line 18]
2010-09-17 04:11:53 Warning: Warning (2): Invalid argument supplied for foreach() in [APP/views/vocabulary_lists/view.ctp, line 18]
2010-09-17 04:12:19 Warning: Warning (2): Invalid argument supplied for foreach() in [APP/views/vocabulary_lists/view.ctp, line 18]
2010-09-17 04:12:34 Warning: Warning (2): Invalid argument supplied for foreach() in [APP/views/vocabulary_lists/view.ctp, line 17]
2010-09-17 04:13:09 Warning: Warning (2): Invalid argument supplied for foreach() in [APP/views/vocabulary_lists/view.ctp, line 17]
2010-09-17 04:14:33 Warning: Warning (2): Invalid argument supplied for foreach() in [APP/views/vocabulary_lists/view.ctp, line 17]
2010-09-17 04:14:47 Warning: Warning (2): Invalid argument supplied for foreach() in [APP/views/vocabulary_lists/view.ctp, line 17]
2010-09-17 04:16:32 Warning: Warning (2): Invalid argument supplied for foreach() in [APP/views/translations/add.ctp, line 28]
2010-09-17 04:16:41 Warning: Warning (2): Invalid argument supplied for foreach() in [APP/views/translations/add.ctp, line 28]
2010-09-17 04:16:45 Warning: Warning (2): Invalid argument supplied for foreach() in [APP/views/translations/add.ctp, line 28]
2010-09-17 04:16:47 Warning: Warning (2): Invalid argument supplied for foreach() in [APP/views/vocabulary_lists/view.ctp, line 17]
2010-09-17 04:17:09 Warning: Warning (2): Invalid argument supplied for foreach() in [APP/views/translations/add.ctp, line 28]
2010-09-17 04:17:14 Warning: Warning (2): Invalid argument supplied for foreach() in [APP/views/translations/add.ctp, line 28]
2010-09-17 04:17:17 Warning: Warning (2): Invalid argument supplied for foreach() in [APP/views/vocabulary_lists/view.ctp, line 17]
2010-09-17 11:27:08 Warning: Warning (2): Invalid argument supplied for foreach() in [APP/views/vocabulary_lists/view.ctp, line 17]
2010-09-17 11:27:11 Warning: Warning (2): Invalid argument supplied for foreach() in [APP/views/vocabulary_lists/view.ctp, line 17]
2010-09-17 11:28:13 Warning: Warning (2): Invalid argument supplied for foreach() in [APP/views/vocabulary_lists/view.ctp, line 17]
2010-09-17 11:55:28 Warning: Warning (2): Invalid argument supplied for foreach() in [APP/views/vocabulary_lists/edit_view.ctp, line 20]
2010-09-17 11:55:50 Warning: Warning (2): Missing argument 1 for VocabularyListsController::edit_view(), called in /Users/olbat/dev/www/vocab/cake/libs/object.php on line 116 and defined in [APP/controllers/vocabulary_lists_controller.php, line 49]
2010-09-17 11:55:50 Warning: Warning (2): Invalid argument supplied for foreach() in [APP/views/vocabulary_lists/edit_view.ctp, line 20]
2010-09-17 11:55:50 Warning: Warning (2): Invalid argument supplied for foreach() in [APP/views/vocabulary_lists/edit_view.ctp, line 20]
2010-09-17 11:55:53 Warning: Warning (2): Invalid argument supplied for foreach() in [APP/views/vocabulary_lists/edit_view.ctp, line 20]
2010-09-17 11:57:07 Warning: Warning (2): Invalid argument supplied for foreach() in [APP/views/vocabulary_lists/edit_view.ctp, line 20]
2010-09-17 11:57:36 Warning: Warning (2): Invalid argument supplied for foreach() in [APP/views/vocabulary_lists/edit_view.ctp, line 20]
2010-09-17 11:57:46 Warning: Warning (2): Invalid argument supplied for foreach() in [APP/views/vocabulary_lists/edit_view.ctp, line 20]
2010-09-17 12:00:36 Warning: Warning (2): Invalid argument supplied for foreach() in [APP/views/vocabulary_lists/edit_view.ctp, line 21]
2010-09-17 12:01:21 Warning: Warning (2): Invalid argument supplied for foreach() in [APP/views/vocabulary_lists/edit_view.ctp, line 20]
2010-09-17 12:02:50 Warning: Warning (2): Invalid argument supplied for foreach() in [APP/views/vocabulary_lists/edit_view.ctp, line 20]
2010-09-17 12:03:10 Warning: Warning (2): Invalid argument supplied for foreach() in [APP/views/vocabulary_lists/edit_view.ctp, line 20]
2010-09-17 12:04:27 Warning: Warning (2): Invalid argument supplied for foreach() in [APP/views/vocabulary_lists/edit_view.ctp, line 20]
2010-09-17 12:04:30 Warning: Warning (2): Invalid argument supplied for foreach() in [APP/views/vocabulary_lists/edit_view.ctp, line 20]
2010-09-17 12:04:36 Warning: Warning (2): Invalid argument supplied for foreach() in [APP/views/vocabulary_lists/edit_view.ctp, line 20]
2010-09-17 12:04:38 Warning: Warning (2): Invalid argument supplied for foreach() in [APP/views/vocabulary_lists/edit_view.ctp, line 20]
2010-09-17 12:06:55 Warning: Warning (2): Invalid argument supplied for foreach() in [APP/views/vocabulary_lists/edit_view.ctp, line 27]
2010-09-17 12:07:48 Warning: Warning (2): Invalid argument supplied for foreach() in [APP/views/vocabulary_lists/edit_view.ctp, line 22]
2010-09-17 12:08:08 Warning: Warning (2): Invalid argument supplied for foreach() in [APP/views/vocabulary_lists/edit_view.ctp, line 22]
2010-09-17 12:08:58 Warning: Warning (2): Invalid argument supplied for foreach() in [APP/views/vocabulary_lists/edit_view.ctp, line 22]
2010-09-17 12:09:10 Warning: Warning (2): Invalid argument supplied for foreach() in [APP/views/vocabulary_lists/edit_view.ctp, line 22]
2010-09-17 12:16:40 Warning: Warning (2): Invalid argument supplied for foreach() in [APP/views/translations/edit.ctp, line 29]
2010-09-17 12:16:55 Warning: Warning (2): Invalid argument supplied for foreach() in [APP/views/vocabulary_lists/edit_view.ctp, line 22]
2010-09-17 12:17:03 Warning: Warning (2): Invalid argument supplied for foreach() in [APP/views/translations/edit.ctp, line 29]
2010-09-17 12:17:06 Warning: Warning (2): Invalid argument supplied for foreach() in [APP/views/translations/edit.ctp, line 29]
2010-09-17 12:17:06 Warning: Warning (2): Invalid argument supplied for foreach() in [APP/views/translations/edit.ctp, line 29]
2010-09-17 12:18:12 Warning: Warning (2): Invalid argument supplied for foreach() in [APP/views/translations/edit.ctp, line 29]
2010-09-17 12:18:14 Warning: Warning (2): Invalid argument supplied for foreach() in [APP/views/translations/edit.ctp, line 29]
2010-09-17 12:18:17 Warning: Warning (2): Invalid argument supplied for foreach() in [APP/views/vocabulary_lists/edit_view.ctp, line 22]
2010-09-17 12:18:23 Warning: Warning (2): Invalid argument supplied for foreach() in [APP/views/vocabulary_lists/edit_view.ctp, line 22]
2010-09-17 12:18:28 Warning: Warning (2): Invalid argument supplied for foreach() in [APP/views/translations/edit.ctp, line 29]
2010-09-17 12:18:39 Warning: Warning (2): Invalid argument supplied for foreach() in [APP/views/vocabulary_lists/edit_view.ctp, line 22]
2010-09-17 12:18:45 Warning: Warning (2): Invalid argument supplied for foreach() in [APP/views/translations/add.ctp, line 28]
2010-09-17 12:18:50 Warning: Warning (2): Invalid argument supplied for foreach() in [APP/views/translations/add.ctp, line 28]
2010-09-17 12:18:53 Warning: Warning (2): Invalid argument supplied for foreach() in [APP/views/vocabulary_lists/view.ctp, line 17]
2010-09-17 12:19:35 Warning: Warning (2): Invalid argument supplied for foreach() in [APP/views/vocabulary_lists/view.ctp, line 17]
2010-09-17 12:20:10 Warning: Warning (2): Invalid argument supplied for foreach() in [APP/views/vocabulary_lists/view.ctp, line 21]
2010-09-17 12:22:25 Warning: Warning (2): Invalid argument supplied for foreach() in [APP/views/vocabulary_lists/view.ctp, line 21]
2010-09-17 12:22:45 Warning: Warning (2): Invalid argument supplied for foreach() in [APP/views/vocabulary_lists/view.ctp, line 21]
2010-09-17 12:22:53 Warning: Warning (2): Invalid argument supplied for foreach() in [APP/views/vocabulary_lists/view.ctp, line 21]
2010-09-17 12:23:07 Warning: Warning (2): Invalid argument supplied for foreach() in [APP/views/vocabulary_lists/view.ctp, line 21]
2010-09-17 12:23:36 Warning: Warning (2): Invalid argument supplied for foreach() in [APP/views/vocabulary_lists/view.ctp, line 21]
2010-09-17 12:24:08 Warning: Warning (2): Invalid argument supplied for foreach() in [APP/views/vocabulary_lists/view.ctp, line 21]
2010-09-17 12:24:54 Warning: Warning (2): Invalid argument supplied for foreach() in [APP/views/vocabulary_lists/view.ctp, line 21]
2010-09-17 12:24:57 Warning: Warning (2): Invalid argument supplied for foreach() in [APP/views/vocabulary_lists/view.ctp, line 21]
2010-09-17 12:24:58 Warning: Warning (2): Invalid argument supplied for foreach() in [APP/views/vocabulary_lists/view.ctp, line 21]
2010-09-17 12:25:00 Warning: Warning (2): Invalid argument supplied for foreach() in [APP/views/vocabulary_lists/edit_view.ctp, line 22]
2010-09-17 12:25:05 Warning: Warning (2): Invalid argument supplied for foreach() in [APP/views/translations/edit.ctp, line 29]
2010-09-17 12:25:06 Warning: Warning (2): Invalid argument supplied for foreach() in [APP/views/vocabulary_lists/edit_view.ctp, line 22]
2010-09-17 12:26:06 Warning: Warning (2): Invalid argument supplied for foreach() in [APP/views/vocabulary_lists/edit_view.ctp, line 22]
2010-09-17 12:26:09 Warning: Warning (2): Invalid argument supplied for foreach() in [APP/views/vocabulary_lists/view.ctp, line 21]
2010-09-17 12:26:12 Warning: Warning (2): Invalid argument supplied for foreach() in [APP/views/vocabulary_lists/edit_view.ctp, line 22]
2010-09-17 12:26:16 Warning: Warning (2): Invalid argument supplied for foreach() in [APP/views/translations/edit.ctp, line 29]
2010-09-17 12:26:17 Warning: Warning (2): Invalid argument supplied for foreach() in [APP/views/vocabulary_lists/edit_view.ctp, line 22]
2010-09-17 12:26:20 Warning: Warning (2): Invalid argument supplied for foreach() in [APP/views/translations/add.ctp, line 28]
2010-09-17 12:26:29 Warning: Warning (2): Invalid argument supplied for foreach() in [APP/views/vocabulary_lists/view.ctp, line 21]
2010-09-17 12:27:36 Warning: Warning (2): Invalid argument supplied for foreach() in [APP/views/vocabulary_lists/view.ctp, line 21]
2010-09-17 12:27:45 Warning: Warning (2): Invalid argument supplied for foreach() in [APP/views/vocabulary_lists/view.ctp, line 21]
2010-09-17 12:28:01 Warning: Warning (2): Invalid argument supplied for foreach() in [APP/views/vocabulary_lists/edit_view.ctp, line 22]
2010-09-17 12:28:09 Warning: Warning (2): Invalid argument supplied for foreach() in [APP/views/vocabulary_lists/view.ctp, line 21]
2010-09-17 12:31:31 Warning: Warning (2): Invalid argument supplied for foreach() in [APP/views/vocabulary_lists/view.ctp, line 21]
2010-09-17 12:31:36 Warning: Warning (2): Invalid argument supplied for foreach() in [APP/views/vocabulary_lists/view.ctp, line 21]
2010-09-17 12:31:38 Warning: Warning (2): Invalid argument supplied for foreach() in [APP/views/vocabulary_lists/view.ctp, line 21]
2010-09-17 12:31:41 Warning: Warning (2): Invalid argument supplied for foreach() in [APP/views/vocabulary_lists/view.ctp, line 21]
2010-09-17 13:03:05 Warning: Warning (2): Missing argument 1 for VocabularyListsController::view(), called in /Users/olbat/dev/www/vocab/cake/libs/object.php on line 116 and defined in [APP/controllers/vocabulary_lists_controller.php, line 12]
2010-09-17 13:03:05 Warning: Warning (2): Invalid argument supplied for foreach() in [APP/views/vocabulary_lists/view.ctp, line 21]
2010-09-17 13:03:10 Warning: Warning (2): Missing argument 1 for VocabularyListsController::view(), called in /Users/olbat/dev/www/vocab/cake/libs/object.php on line 116 and defined in [APP/controllers/vocabulary_lists_controller.php, line 12]
2010-09-17 13:03:10 Warning: Warning (2): Invalid argument supplied for foreach() in [APP/views/vocabulary_lists/view.ctp, line 21]
2010-09-17 13:03:12 Warning: Warning (2): Missing argument 1 for VocabularyListsController::view(), called in /Users/olbat/dev/www/vocab/cake/libs/object.php on line 116 and defined in [APP/controllers/vocabulary_lists_controller.php, line 12]
2010-09-17 13:03:12 Warning: Warning (2): Invalid argument supplied for foreach() in [APP/views/vocabulary_lists/view.ctp, line 21]
2010-09-17 13:03:13 Warning: Warning (2): Missing argument 1 for VocabularyListsController::view(), called in /Users/olbat/dev/www/vocab/cake/libs/object.php on line 116 and defined in [APP/controllers/vocabulary_lists_controller.php, line 12]
2010-09-17 13:03:13 Warning: Warning (2): Invalid argument supplied for foreach() in [APP/views/vocabulary_lists/view.ctp, line 21]
2010-09-17 13:23:35 Warning: Warning (2): Missing argument 1 for VocabularyListsController::view(), called in /Users/olbat/dev/www/vocab/cake/libs/object.php on line 116 and defined in [APP/controllers/vocabulary_lists_controller.php, line 12]
2010-09-17 13:23:35 Warning: Warning (2): Invalid argument supplied for foreach() in [APP/views/vocabulary_lists/view.ctp, line 21]
2010-09-17 13:28:49 Warning: Warning (4096): Object of class View could not be converted to string in [CORE/cake/libs/view/helpers/ajax.php, line 458]
2010-09-17 13:28:49 Warning: Warning (2): explode() expects parameter 2 to be string, object given in [CORE/cake/libs/view/helper.php, line 330]
2010-09-17 13:28:49 Warning: Warning (2): array_values() expects parameter 1 to be array, boolean given in [CORE/cake/libs/view/helper.php, line 330]
2010-09-17 13:29:15 Warning: Warning (4096): Object of class View could not be converted to string in [CORE/cake/libs/view/helpers/ajax.php, line 458]
2010-09-17 13:29:15 Warning: Warning (2): explode() expects parameter 2 to be string, object given in [CORE/cake/libs/view/helper.php, line 330]
2010-09-17 13:29:15 Warning: Warning (2): array_values() expects parameter 1 to be array, boolean given in [CORE/cake/libs/view/helper.php, line 330]
2010-09-17 16:49:38 Warning: Warning (2): explode() expects parameter 1 to be string, array given in [APP/controllers/vocabulary_lists_controller.php, line 90]
2010-09-17 16:50:21 Warning: Warning (2): explode() [<a href='http://php.net/function.explode'>function.explode</a>]: Empty delimiter in [APP/controllers/vocabulary_lists_controller.php, line 90]
2010-09-17 16:50:56 Warning: Warning (2): explode() expects parameter 3 to be long, string given in [APP/controllers/vocabulary_lists_controller.php, line 90]
2010-09-17 16:51:54 Warning: Warning (2): explode() [<a href='http://php.net/function.explode'>function.explode</a>]: Empty delimiter in [APP/controllers/vocabulary_lists_controller.php, line 91]
2010-09-17 19:10:36 Warning: Warning (2): Missing argument 1 for TrainingsController::index(), called in /Users/olbat/dev/www/vocab/cake/libs/object.php on line 116 and defined in [APP/controllers/trainings_controller.php, line 5]
2010-09-17 19:32:43 Warning: Warning (512): <span style = "color:Red;text-align:left"><b>SQL Error:</b> 1064: You have an error in your SQL syntax; check the manual that corresponds to your MySQL server version for the right syntax to use near '_get_random_translation_couple' at line 1</span> in [CORE/cake/libs/model/datasources/dbo_source.php, line 525]
2010-09-17 19:32:44 Warning: Warning (512): <span style = "color:Red;text-align:left"><b>SQL Error:</b> 1064: You have an error in your SQL syntax; check the manual that corresponds to your MySQL server version for the right syntax to use near '_get_random_translation_couple' at line 1</span> in [CORE/cake/libs/model/datasources/dbo_source.php, line 525]
2010-09-17 19:35:24 Warning: Warning (512): <span style = "color:Red;text-align:left"><b>SQL Error:</b> 1064: You have an error in your SQL syntax; check the manual that corresponds to your MySQL server version for the right syntax to use near '_get_random_translation_couple' at line 1</span> in [CORE/cake/libs/model/datasources/dbo_source.php, line 525]
2010-09-17 20:29:59 Warning: Warning (2): mysql_connect() [<a href='http://php.net/function.mysql-connect'>function.mysql-connect</a>]: [2002] No such file or directory (trying to connect via unix:///var/mysql/mysql.sock) in [CORE/cake/libs/model/datasources/dbo/dbo_mysql.php, line 374]
2010-09-17 20:29:59 Warning: Warning (2): mysql_connect() [<a href='http://php.net/function.mysql-connect'>function.mysql-connect</a>]: No such file or directory in [CORE/cake/libs/model/datasources/dbo/dbo_mysql.php, line 374]
2010-09-17 20:29:59 Warning: Warning (2): mysql_select_db() expects parameter 2 to be resource, boolean given in [CORE/cake/libs/model/datasources/dbo/dbo_mysql.php, line 379]
2010-09-17 20:29:59 Warning: Warning (2): mysql_get_server_info() expects parameter 1 to be resource, boolean given in [CORE/cake/libs/model/datasources/dbo/dbo_mysql.php, line 387]
2010-09-17 20:29:59 Warning: Warning (2): mysql_query() expects parameter 2 to be resource, boolean given in [CORE/cake/libs/model/datasources/dbo/dbo_mysql.php, line 411]
2010-09-17 20:30:01 Warning: Warning (2): mysql_connect() [<a href='http://php.net/function.mysql-connect'>function.mysql-connect</a>]: [2002] No such file or directory (trying to connect via unix:///var/mysql/mysql.sock) in [CORE/cake/libs/model/datasources/dbo/dbo_mysql.php, line 374]
2010-09-17 20:30:01 Warning: Warning (2): mysql_connect() [<a href='http://php.net/function.mysql-connect'>function.mysql-connect</a>]: No such file or directory in [CORE/cake/libs/model/datasources/dbo/dbo_mysql.php, line 374]
2010-09-17 20:30:01 Warning: Warning (2): mysql_select_db() expects parameter 2 to be resource, boolean given in [CORE/cake/libs/model/datasources/dbo/dbo_mysql.php, line 379]
2010-09-17 20:30:01 Warning: Warning (2): mysql_get_server_info() expects parameter 1 to be resource, boolean given in [CORE/cake/libs/model/datasources/dbo/dbo_mysql.php, line 387]
2010-09-17 20:30:01 Warning: Warning (2): mysql_query() expects parameter 2 to be resource, boolean given in [CORE/cake/libs/model/datasources/dbo/dbo_mysql.php, line 411]
2010-09-19 23:44:27 Warning: Warning (2): Missing argument 1 for PropositionTrainingsController::index(), called in /Users/olbat/dev/www/vocab/cake/libs/object.php on line 116 and defined in [APP/controllers/proposition_trainings_controller.php, line 7]
2010-09-20 06:17:31 Warning: Warning (2): array_unique() expects parameter 1 to be array, null given in [APP/controllers/proposition_trainings_controller.php, line 65]
2010-09-20 06:17:31 Warning: Warning (2): shuffle() expects parameter 1 to be array, null given in [APP/controllers/proposition_trainings_controller.php, line 66]
2010-09-20 06:17:31 Warning: Warning (2): Invalid argument supplied for foreach() in [CORE/cake/libs/view/helpers/form.php, line 912]
2010-09-20 06:17:31 Warning: Warning (2): array_unique() expects parameter 1 to be array, null given in [APP/controllers/proposition_trainings_controller.php, line 65]
2010-09-20 06:17:31 Warning: Warning (2): shuffle() expects parameter 1 to be array, null given in [APP/controllers/proposition_trainings_controller.php, line 66]
2010-09-20 06:17:31 Warning: Warning (2): Invalid argument supplied for foreach() in [CORE/cake/libs/view/helpers/form.php, line 912]
2010-09-20 06:17:57 Warning: Warning (2): array_unique() expects parameter 1 to be array, null given in [APP/controllers/proposition_trainings_controller.php, line 65]
2010-09-20 06:17:57 Warning: Warning (2): shuffle() expects parameter 1 to be array, null given in [APP/controllers/proposition_trainings_controller.php, line 66]
2010-09-20 06:17:57 Warning: Warning (2): Invalid argument supplied for foreach() in [CORE/cake/libs/view/helpers/form.php, line 912]
2010-09-20 06:17:58 Warning: Warning (2): array_unique() expects parameter 1 to be array, null given in [APP/controllers/proposition_trainings_controller.php, line 65]
2010-09-20 06:17:58 Warning: Warning (2): shuffle() expects parameter 1 to be array, null given in [APP/controllers/proposition_trainings_controller.php, line 66]
2010-09-20 06:17:58 Warning: Warning (2): Invalid argument supplied for foreach() in [CORE/cake/libs/view/helpers/form.php, line 912]
2010-09-20 06:22:55 Warning: Warning (2): Invalid argument supplied for foreach() in [CORE/cake/libs/view/helpers/form.php, line 912]
2010-09-20 06:29:20 Warning: Warning (4096): Object of class View could not be converted to string in [APP/views/proposition_trainings/index.ctp, line 2]
2010-09-20 06:29:20 Warning: Warning (4096): Object of class View could not be converted to string in [APP/views/proposition_trainings/index.ctp, line 2]
2010-09-20 06:30:43 Warning: Warning (2): Invalid argument supplied for foreach() in [CORE/cake/libs/view/helpers/form.php, line 912]
2010-09-20 06:33:56 Warning: Warning (2): Invalid argument supplied for foreach() in [CORE/cake/libs/view/helpers/form.php, line 912]
2010-09-20 06:34:21 Warning: Warning (2): Invalid argument supplied for foreach() in [CORE/cake/libs/view/helpers/form.php, line 912]
2010-09-20 06:34:47 Warning: Warning (2): Invalid argument supplied for foreach() in [CORE/cake/libs/view/helpers/form.php, line 912]
2010-09-20 06:36:58 Warning: Warning (2): Invalid argument supplied for foreach() in [CORE/cake/libs/view/helpers/form.php, line 912]
2010-09-20 06:38:25 Warning: Warning (2): Invalid argument supplied for foreach() in [CORE/cake/libs/view/helpers/form.php, line 912]
2010-09-20 07:16:13 Warning: Warning (2): Invalid argument supplied for foreach() in [CORE/cake/libs/view/helpers/form.php, line 912]
2010-09-20 07:16:23 Warning: Warning (2): Invalid argument supplied for foreach() in [CORE/cake/libs/view/helpers/form.php, line 912]
2010-09-20 07:20:43 Warning: Warning (2): Invalid argument supplied for foreach() in [CORE/cake/libs/view/helpers/form.php, line 912]
2010-09-20 07:25:57 Warning: Warning (2): Invalid argument supplied for foreach() in [CORE/cake/libs/view/helpers/form.php, line 912]
2010-09-20 08:36:47 Warning: Warning (2): in_array() expects parameter 2 to be array, integer given in [APP/controllers/proposition_trainings_controller.php, line 72]
2010-09-20 08:36:47 Warning: Warning (2): in_array() expects parameter 2 to be array, string given in [APP/controllers/proposition_trainings_controller.php, line 72]
2010-09-20 09:53:41 Warning: Warning (2): Invalid argument supplied for foreach() in [APP/views/translations/add.ctp, line 28]
2010-09-20 09:54:08 Warning: Warning (2): Invalid argument supplied for foreach() in [APP/views/vocabulary_lists/view.ctp, line 23]
2010-09-20 09:54:36 Warning: Warning (2): Invalid argument supplied for foreach() in [APP/views/vocabulary_lists/view.ctp, line 23]
2010-09-20 09:54:58 Warning: Warning (2): Missing argument 1 for TrainingsController::index(), called in /Users/olbat/dev/www/vocab/cake/libs/object.php on line 116 and defined in [APP/controllers/trainings_controller.php, line 5]
2010-09-20 09:57:29 Warning: Warning (2): Invalid argument supplied for foreach() in [APP/views/vocabulary_lists/view.ctp, line 23]
2010-09-20 10:23:54 Warning: Warning (2): Invalid argument supplied for foreach() in [APP/views/vocabulary_lists/view.ctp, line 23]
2010-09-20 10:25:24 Warning: Warning (2): Invalid argument supplied for foreach() in [APP/views/vocabulary_lists/view.ctp, line 23]
2010-09-20 10:26:05 Warning: Warning (2): Invalid argument supplied for foreach() in [APP/views/vocabulary_lists/view.ctp, line 23]
2010-09-20 10:27:19 Warning: Warning (2): Invalid argument supplied for foreach() in [APP/views/vocabulary_lists/view.ctp, line 23]
2010-09-20 10:29:18 Warning: Warning (2): Invalid argument supplied for foreach() in [APP/views/vocabulary_lists/view.ctp, line 23]
2010-09-20 10:29:50 Warning: Warning (2): Invalid argument supplied for foreach() in [APP/views/vocabulary_lists/view.ctp, line 23]
2010-09-20 10:30:12 Warning: Warning (2): Invalid argument supplied for foreach() in [APP/views/vocabulary_lists/view.ctp, line 23]
2010-09-20 10:30:46 Warning: Warning (2): Invalid argument supplied for foreach() in [APP/views/vocabulary_lists/view.ctp, line 23]
2010-09-20 10:32:31 Warning: Warning (2): Invalid argument supplied for foreach() in [APP/views/vocabulary_lists/view.ctp, line 23]
2010-09-20 10:32:51 Warning: Warning (2): Invalid argument supplied for foreach() in [APP/views/vocabulary_lists/view.ctp, line 23]
2010-09-20 10:32:53 Warning: Warning (2): Invalid argument supplied for foreach() in [APP/views/vocabulary_lists/view.ctp, line 23]
2010-09-20 10:34:21 Warning: Warning (2): Invalid argument supplied for foreach() in [APP/views/vocabulary_lists/view.ctp, line 23]
2010-09-20 10:34:53 Warning: Warning (2): Invalid argument supplied for foreach() in [APP/views/vocabulary_lists/view.ctp, line 23]
2010-09-20 10:38:56 Warning: Warning (2): Invalid argument supplied for foreach() in [APP/views/vocabulary_lists/view.ctp, line 23]
2010-09-20 10:48:40 Warning: Warning (2): Invalid argument supplied for foreach() in [APP/views/vocabulary_lists/view.ctp, line 23]
2010-09-20 10:48:43 Warning: Warning (2): Invalid argument supplied for foreach() in [APP/views/vocabulary_lists/view.ctp, line 23]
2010-09-20 10:48:46 Warning: Warning (2): Invalid argument supplied for foreach() in [APP/views/vocabulary_lists/view.ctp, line 23]
2010-09-20 10:48:48 Warning: Warning (2): Invalid argument supplied for foreach() in [APP/views/vocabulary_lists/view.ctp, line 23]
2010-09-20 10:48:50 Warning: Warning (2): Invalid argument supplied for foreach() in [APP/views/vocabulary_lists/view.ctp, line 23]
2010-09-20 10:48:52 Warning: Warning (2): Invalid argument supplied for foreach() in [APP/views/vocabulary_lists/view.ctp, line 23]
2010-09-20 10:48:54 Warning: Warning (2): Invalid argument supplied for foreach() in [APP/views/vocabulary_lists/view.ctp, line 23]
2010-09-20 10:48:57 Warning: Warning (2): Invalid argument supplied for foreach() in [APP/views/vocabulary_lists/view.ctp, line 23]
2010-09-20 10:51:50 Warning: Warning (2): Invalid argument supplied for foreach() in [APP/views/vocabulary_lists/view.ctp, line 23]
2010-09-20 10:53:39 Warning: Warning (2): Invalid argument supplied for foreach() in [APP/views/vocabulary_lists/view.ctp, line 23]
2010-09-20 10:53:46 Warning: Warning (2): Invalid argument supplied for foreach() in [APP/views/vocabulary_lists/view.ctp, line 23]
2010-09-20 10:53:50 Warning: Warning (2): Invalid argument supplied for foreach() in [APP/views/vocabulary_lists/view.ctp, line 23]
2010-09-20 10:55:26 Warning: Warning (2): Invalid argument supplied for foreach() in [APP/views/vocabulary_lists/view.ctp, line 23]
2010-09-20 10:57:12 Warning: Warning (2): Invalid argument supplied for foreach() in [APP/views/vocabulary_lists/view.ctp, line 23]
2010-09-20 10:59:53 Warning: Warning (2): Invalid argument supplied for foreach() in [APP/views/vocabulary_lists/view.ctp, line 23]
2010-09-20 11:00:01 Warning: Warning (2): Invalid argument supplied for foreach() in [APP/views/vocabulary_lists/view.ctp, line 23]
2010-09-20 11:01:11 Warning: Warning (2): Invalid argument supplied for foreach() in [APP/views/vocabulary_lists/view.ctp, line 23]
2010-09-20 11:17:14 Warning: Warning (2): Invalid argument supplied for foreach() in [APP/views/vocabulary_lists/view.ctp, line 23]
2010-09-20 11:22:47 Warning: Warning (2): Invalid argument supplied for foreach() in [APP/views/vocabulary_lists/view.ctp, line 23]
2010-09-20 11:22:56 Warning: Warning (2): Invalid argument supplied for foreach() in [APP/views/vocabulary_lists/view.ctp, line 23]
2010-09-20 11:25:17 Warning: Warning (2): Invalid argument supplied for foreach() in [APP/views/vocabulary_lists/view.ctp, line 23]
2010-09-20 11:25:54 Warning: Warning (2): Invalid argument supplied for foreach() in [APP/views/vocabulary_lists/view.ctp, line 23]
2010-09-20 11:26:47 Warning: Warning (2): Invalid argument supplied for foreach() in [APP/views/vocabulary_lists/view.ctp, line 23]
2010-09-20 11:31:17 Warning: Warning (2): Cannot modify header information - headers already sent by (output started at /Users/olbat/dev/www/vocab/app/controllers/trainings_controller.php:6) in [CORE/cake/libs/controller/controller.php, line 644]
2010-09-20 11:31:33 Warning: Warning (2): Invalid argument supplied for foreach() in [APP/views/vocabulary_lists/view.ctp, line 23]
2010-09-20 13:39:49 Warning: Warning (2): Invalid argument supplied for foreach() in [APP/views/vocabulary_lists/view.ctp, line 23]
2010-09-21 02:30:38 Warning: Warning (2): Invalid argument supplied for foreach() in [APP/views/vocabulary_lists/view.ctp, line 23]
2010-09-21 02:31:04 Warning: Warning (2): Invalid argument supplied for foreach() in [APP/views/vocabulary_lists/view.ctp, line 23]
2010-09-21 02:36:42 Warning: Warning (2): Invalid argument supplied for foreach() in [APP/views/vocabulary_lists/view.ctp, line 23]
2010-09-22 17:10:54 Warning: Warning (2): Invalid argument supplied for foreach() in [APP/views/vocabulary_lists/view.ctp, line 23]
2010-09-22 17:10:55 Warning: Warning (2): Invalid argument supplied for foreach() in [APP/views/vocabulary_lists/view.ctp, line 23]
2010-09-22 17:12:08 Warning: Warning (2): Invalid argument supplied for foreach() in [APP/views/vocabulary_lists/view.ctp, line 23]
2010-09-22 17:12:08 Warning: Warning (2): Invalid argument supplied for foreach() in [APP/views/vocabulary_lists/view.ctp, line 23]
2010-09-22 17:12:43 Warning: Warning (2): Invalid argument supplied for foreach() in [APP/views/vocabulary_lists/view.ctp, line 23]
2010-09-22 17:12:44 Warning: Warning (2): Invalid argument supplied for foreach() in [APP/views/vocabulary_lists/view.ctp, line 23]
2010-09-22 17:14:29 Warning: Warning (512): <span style = "color:Red;text-align:left"><b>SQL Error:</b> 1054: Unknown column 'Translation.id' in 'order clause'</span> in [CORE/cake/libs/model/datasources/dbo_source.php, line 525]
2010-09-22 17:14:29 Warning: Warning (2): Invalid argument supplied for foreach() in [APP/views/vocabulary_lists/view.ctp, line 23]
2010-09-22 17:14:30 Warning: Warning (512): <span style = "color:Red;text-align:left"><b>SQL Error:</b> 1054: Unknown column 'Translation.id' in 'order clause'</span> in [CORE/cake/libs/model/datasources/dbo_source.php, line 525]
2010-09-22 17:14:30 Warning: Warning (2): Invalid argument supplied for foreach() in [APP/views/vocabulary_lists/view.ctp, line 23]
2010-09-22 17:15:06 Warning: Warning (512): <span style = "color:Red;text-align:left"><b>SQL Error:</b> 1054: Unknown column 'VocabularyList.Translation.id' in 'order clause'</span> in [CORE/cake/libs/model/datasources/dbo_source.php, line 525]
2010-09-22 17:15:06 Warning: Warning (2): Invalid argument supplied for foreach() in [APP/views/vocabulary_lists/view.ctp, line 23]
2010-09-22 17:15:06 Warning: Warning (512): <span style = "color:Red;text-align:left"><b>SQL Error:</b> 1054: Unknown column 'VocabularyList.Translation.id' in 'order clause'</span> in [CORE/cake/libs/model/datasources/dbo_source.php, line 525]
2010-09-22 17:15:06 Warning: Warning (2): Invalid argument supplied for foreach() in [APP/views/vocabulary_lists/view.ctp, line 23]
2010-09-22 17:17:51 Warning: Warning (512): <span style = "color:Red;text-align:left"><b>SQL Error:</b> 1054: Unknown column 'Translation.id' in 'order clause'</span> in [CORE/cake/libs/model/datasources/dbo_source.php, line 525]
2010-09-22 17:17:51 Warning: Warning (2): Invalid argument supplied for foreach() in [APP/views/vocabulary_lists/view.ctp, line 23]
2010-09-22 17:17:51 Warning: Warning (512): <span style = "color:Red;text-align:left"><b>SQL Error:</b> 1054: Unknown column 'Translation.id' in 'order clause'</span> in [CORE/cake/libs/model/datasources/dbo_source.php, line 525]
2010-09-22 17:17:51 Warning: Warning (2): Invalid argument supplied for foreach() in [APP/views/vocabulary_lists/view.ctp, line 23]
2010-09-22 17:18:27 Warning: Warning (512): <span style = "color:Red;text-align:left"><b>SQL Error:</b> 1054: Unknown column 'Translation.id' in 'order clause'</span> in [CORE/cake/libs/model/datasources/dbo_source.php, line 525]
2010-09-22 17:18:27 Warning: Warning (2): Invalid argument supplied for foreach() in [APP/views/vocabulary_lists/view.ctp, line 23]
2010-09-22 17:18:27 Warning: Warning (512): <span style = "color:Red;text-align:left"><b>SQL Error:</b> 1054: Unknown column 'Translation.id' in 'order clause'</span> in [CORE/cake/libs/model/datasources/dbo_source.php, line 525]
2010-09-22 17:18:27 Warning: Warning (2): Invalid argument supplied for foreach() in [APP/views/vocabulary_lists/view.ctp, line 23]
2010-09-22 17:18:57 Warning: Warning (2): Invalid argument supplied for foreach() in [APP/views/vocabulary_lists/view.ctp, line 23]
2010-09-22 17:21:30 Warning: Warning (512): <span style = "color:Red;text-align:left"><b>SQL Error:</b> 1054: Unknown column 'Translation.vocabulary_list_id' in 'where clause'</span> in [CORE/cake/libs/model/datasources/dbo_source.php, line 525]
2010-09-22 17:21:30 Warning: Warning (2): Invalid argument supplied for foreach() in [APP/views/vocabulary_lists/view.ctp, line 23]
2010-09-22 17:21:30 Warning: Warning (512): <span style = "color:Red;text-align:left"><b>SQL Error:</b> 1054: Unknown column 'Translation.vocabulary_list_id' in 'where clause'</span> in [CORE/cake/libs/model/datasources/dbo_source.php, line 525]
2010-09-22 17:21:30 Warning: Warning (2): Invalid argument supplied for foreach() in [APP/views/vocabulary_lists/view.ctp, line 23]
